<?xml version="1.0" encoding="UTF-8"?>
<coverage generated="1596676486661" clover="3.2.0">
  <project timestamp="1596676486661" name="All files">
    <metrics statements="464" coveredstatements="298" conditionals="114" coveredconditionals="53" methods="201" coveredmethods="118" elements="779" coveredelements="469" complexity="0" loc="464" ncloc="464" packages="33" files="45" classes="45"/>
    <package name="src">
      <metrics statements="66" coveredstatements="41" conditionals="28" coveredconditionals="13" methods="14" coveredmethods="8"/>
      <file name="api.js" path="C:\Users\titarenkoeia\1120597-what-to-watch-4\src\api.js">
        <metrics statements="13" coveredstatements="8" conditionals="2" coveredconditionals="0" methods="3" coveredmethods="2"/>
        <line num="4" count="2" type="stmt"/>
        <line num="8" count="2" type="stmt"/>
        <line num="9" count="2" type="stmt"/>
        <line num="15" count="2" type="stmt"/>
        <line num="16" count="6" type="stmt"/>
        <line num="19" count="2" type="stmt"/>
        <line num="20" count="0" type="stmt"/>
        <line num="22" count="0" type="cond" truecount="0" falsecount="2"/>
        <line num="23" count="0" type="stmt"/>
        <line num="25" count="0" type="stmt"/>
        <line num="28" count="0" type="stmt"/>
        <line num="31" count="2" type="stmt"/>
        <line num="33" count="2" type="stmt"/>
      </file>
      <file name="constants.js" path="C:\Users\titarenkoeia\1120597-what-to-watch-4\src\constants.js">
        <metrics statements="10" coveredstatements="10" conditionals="0" coveredconditionals="0" methods="0" coveredmethods="0"/>
        <line num="1" count="20" type="stmt"/>
        <line num="21" count="20" type="stmt"/>
        <line num="27" count="20" type="stmt"/>
        <line num="29" count="20" type="stmt"/>
        <line num="31" count="20" type="stmt"/>
        <line num="33" count="20" type="stmt"/>
        <line num="41" count="20" type="stmt"/>
        <line num="46" count="20" type="stmt"/>
        <line num="48" count="20" type="stmt"/>
        <line num="56" count="20" type="stmt"/>
      </file>
      <file name="history.js" path="C:\Users\titarenkoeia\1120597-what-to-watch-4\src\history.js">
        <metrics statements="1" coveredstatements="1" conditionals="0" coveredconditionals="0" methods="0" coveredmethods="0"/>
        <line num="3" count="13" type="stmt"/>
      </file>
      <file name="utils.js" path="C:\Users\titarenkoeia\1120597-what-to-watch-4\src\utils.js">
        <metrics statements="42" coveredstatements="22" conditionals="26" coveredconditionals="13" methods="11" coveredmethods="6"/>
        <line num="3" count="14" type="stmt"/>
        <line num="4" count="15" type="stmt"/>
        <line num="7" count="14" type="stmt"/>
        <line num="8" count="1" type="stmt"/>
        <line num="9" count="1" type="stmt"/>
        <line num="10" count="1" type="stmt"/>
        <line num="12" count="1" type="stmt"/>
        <line num="19" count="14" type="stmt"/>
        <line num="20" count="2" type="cond" truecount="1" falsecount="1"/>
        <line num="21" count="2" type="stmt"/>
        <line num="23" count="0" type="stmt"/>
        <line num="27" count="14" type="stmt"/>
        <line num="28" count="0" type="stmt"/>
        <line num="29" count="0" type="stmt"/>
        <line num="31" count="0" type="cond" truecount="0" falsecount="2"/>
        <line num="32" count="0" type="stmt"/>
        <line num="33" count="0" type="stmt"/>
        <line num="36" count="0" type="cond" truecount="0" falsecount="2"/>
        <line num="37" count="0" type="stmt"/>
        <line num="38" count="0" type="stmt"/>
        <line num="42" count="14" type="stmt"/>
        <line num="43" count="0" type="stmt"/>
        <line num="45" count="0" type="cond" truecount="0" falsecount="2"/>
        <line num="46" count="0" type="stmt"/>
        <line num="47" count="0" type="stmt"/>
        <line num="51" count="14" type="stmt"/>
        <line num="52" count="1" type="stmt"/>
        <line num="53" count="3" type="stmt"/>
        <line num="58" count="14" type="stmt"/>
        <line num="59" count="0" type="stmt"/>
        <line num="62" count="14" type="stmt"/>
        <line num="63" count="3" type="cond" truecount="3" falsecount="1"/>
        <line num="64" count="0" type="stmt"/>
        <line num="67" count="3" type="cond" truecount="3" falsecount="1"/>
        <line num="68" count="0" type="stmt"/>
        <line num="71" count="3" type="cond" truecount="3" falsecount="1"/>
        <line num="72" count="0" type="stmt"/>
        <line num="75" count="3" type="cond" truecount="3" falsecount="1"/>
        <line num="76" count="3" type="stmt"/>
        <line num="79" count="0" type="cond" truecount="0" falsecount="2"/>
        <line num="80" count="0" type="stmt"/>
        <line num="83" count="0" type="stmt"/>
      </file>
    </package>
    <package name="src.adapter">
      <metrics statements="3" coveredstatements="3" conditionals="0" coveredconditionals="0" methods="2" coveredmethods="2"/>
      <file name="movies.js" path="C:\Users\titarenkoeia\1120597-what-to-watch-4\src\adapter\movies.js">
        <metrics statements="2" coveredstatements="2" conditionals="0" coveredconditionals="0" methods="1" coveredmethods="1"/>
        <line num="1" count="6" type="stmt"/>
        <line num="2" count="6" type="stmt"/>
      </file>
      <file name="user.js" path="C:\Users\titarenkoeia\1120597-what-to-watch-4\src\adapter\user.js">
        <metrics statements="1" coveredstatements="1" conditionals="0" coveredconditionals="0" methods="1" coveredmethods="1"/>
        <line num="1" count="9" type="stmt"/>
      </file>
    </package>
    <package name="src.components.add-review">
      <metrics statements="7" coveredstatements="7" conditionals="4" coveredconditionals="2" methods="3" coveredmethods="2"/>
      <file name="add-review.jsx" path="C:\Users\titarenkoeia\1120597-what-to-watch-4\src\components\add-review\add-review.jsx">
        <metrics statements="7" coveredstatements="7" conditionals="4" coveredconditionals="2" methods="3" coveredmethods="2"/>
        <line num="12" count="4" type="stmt"/>
        <line num="22" count="1" type="stmt"/>
        <line num="24" count="1" type="stmt"/>
        <line num="56" count="5" type="stmt"/>
        <line num="57" count="5" type="stmt"/>
        <line num="92" count="4" type="stmt"/>
        <line num="109" count="4" type="stmt"/>
      </file>
    </package>
    <package name="src.components.app">
      <metrics statements="24" coveredstatements="9" conditionals="6" coveredconditionals="0" methods="15" coveredmethods="5"/>
      <file name="app.jsx" path="C:\Users\titarenkoeia\1120597-what-to-watch-4\src\components\app\app.jsx">
        <metrics statements="24" coveredstatements="9" conditionals="6" coveredconditionals="0" methods="15" coveredmethods="5"/>
        <line num="25" count="1" type="stmt"/>
        <line num="26" count="1" type="stmt"/>
        <line num="30" count="1" type="stmt"/>
        <line num="43" count="1" type="stmt"/>
        <line num="45" count="1" type="stmt"/>
        <line num="53" count="1" type="stmt"/>
        <line num="62" count="0" type="stmt"/>
        <line num="63" count="0" type="stmt"/>
        <line num="73" count="0" type="cond" truecount="0" falsecount="2"/>
        <line num="85" count="0" type="cond" truecount="0" falsecount="2"/>
        <line num="86" count="0" type="stmt"/>
        <line num="91" count="0" type="stmt"/>
        <line num="97" count="0" type="stmt"/>
        <line num="105" count="0" type="stmt"/>
        <line num="106" count="0" type="stmt"/>
        <line num="121" count="1" type="stmt"/>
        <line num="136" count="1" type="stmt"/>
        <line num="146" count="1" type="stmt"/>
        <line num="148" count="0" type="stmt"/>
        <line num="151" count="0" type="stmt"/>
        <line num="154" count="0" type="stmt"/>
        <line num="157" count="0" type="stmt"/>
        <line num="158" count="0" type="stmt"/>
        <line num="161" count="0" type="stmt"/>
      </file>
    </package>
    <package name="src.components.error-screen">
      <metrics statements="2" coveredstatements="2" conditionals="0" coveredconditionals="0" methods="1" coveredmethods="1"/>
      <file name="error-screen.jsx" path="C:\Users\titarenkoeia\1120597-what-to-watch-4\src\components\error-screen\error-screen.jsx">
        <metrics statements="2" coveredstatements="2" conditionals="0" coveredconditionals="0" methods="1" coveredmethods="1"/>
        <line num="3" count="5" type="stmt"/>
        <line num="4" count="2" type="stmt"/>
      </file>
    </package>
    <package name="src.components.genres-list">
      <metrics statements="6" coveredstatements="4" conditionals="2" coveredconditionals="2" methods="3" coveredmethods="2"/>
      <file name="genres-list.jsx" path="C:\Users\titarenkoeia\1120597-what-to-watch-4\src\components\genres-list\genres-list.jsx">
        <metrics statements="6" coveredstatements="4" conditionals="2" coveredconditionals="2" methods="3" coveredmethods="2"/>
        <line num="4" count="3" type="stmt"/>
        <line num="6" count="3" type="stmt"/>
        <line num="9" count="8" type="stmt"/>
        <line num="16" count="0" type="stmt"/>
        <line num="17" count="0" type="stmt"/>
        <line num="27" count="3" type="stmt"/>
      </file>
    </package>
    <package name="src.components.main">
      <metrics statements="15" coveredstatements="11" conditionals="7" coveredconditionals="4" methods="6" coveredmethods="3"/>
      <file name="main.jsx" path="C:\Users\titarenkoeia\1120597-what-to-watch-4\src\components\main\main.jsx">
        <metrics statements="15" coveredstatements="11" conditionals="7" coveredconditionals="4" methods="6" coveredmethods="3"/>
        <line num="19" count="2" type="stmt"/>
        <line num="21" count="2" type="stmt"/>
        <line num="36" count="2" type="stmt"/>
        <line num="38" count="2" type="stmt"/>
        <line num="39" count="2" type="stmt"/>
        <line num="41" count="2" type="cond" truecount="1" falsecount="1"/>
        <line num="42" count="0" type="stmt"/>
        <line num="49" count="2" type="stmt"/>
        <line num="109" count="2" type="stmt"/>
        <line num="129" count="2" type="stmt"/>
        <line num="130" count="2" type="stmt"/>
        <line num="140" count="2" type="stmt"/>
        <line num="142" count="0" type="stmt"/>
        <line num="145" count="0" type="stmt"/>
        <line num="148" count="0" type="stmt"/>
      </file>
    </package>
    <package name="src.components.movie-card-buttons">
      <metrics statements="20" coveredstatements="9" conditionals="10" coveredconditionals="3" methods="11" coveredmethods="3"/>
      <file name="movie-card-buttons.jsx" path="C:\Users\titarenkoeia\1120597-what-to-watch-4\src\components\movie-card-buttons\movie-card-buttons.jsx">
        <metrics statements="20" coveredstatements="9" conditionals="10" coveredconditionals="3" methods="11" coveredmethods="3"/>
        <line num="12" count="4" type="stmt"/>
        <line num="13" count="4" type="stmt"/>
        <line num="14" count="0" type="cond" truecount="0" falsecount="2"/>
        <line num="20" count="4" type="stmt"/>
        <line num="21" count="0" type="cond" truecount="0" falsecount="2"/>
        <line num="29" count="4" type="stmt"/>
        <line num="32" count="0" type="stmt"/>
        <line num="42" count="4" type="stmt"/>
        <line num="45" count="0" type="stmt"/>
        <line num="54" count="4" type="stmt"/>
        <line num="59" count="0" type="stmt"/>
        <line num="60" count="0" type="cond" truecount="0" falsecount="2"/>
        <line num="74" count="0" type="stmt"/>
        <line num="75" count="0" type="stmt"/>
        <line num="76" count="0" type="stmt"/>
        <line num="83" count="4" type="stmt"/>
        <line num="91" count="4" type="stmt"/>
        <line num="95" count="4" type="stmt"/>
        <line num="97" count="0" type="stmt"/>
        <line num="100" count="0" type="stmt"/>
      </file>
    </package>
    <package name="src.components.movie-details">
      <metrics statements="4" coveredstatements="4" conditionals="0" coveredconditionals="0" methods="2" coveredmethods="2"/>
      <file name="movie-details.jsx" path="C:\Users\titarenkoeia\1120597-what-to-watch-4\src\components\movie-details\movie-details.jsx">
        <metrics statements="4" coveredstatements="4" conditionals="0" coveredconditionals="0" methods="2" coveredmethods="2"/>
        <line num="4" count="4" type="stmt"/>
        <line num="5" count="1" type="stmt"/>
        <line num="17" count="12" type="stmt"/>
        <line num="46" count="4" type="stmt"/>
      </file>
    </package>
    <package name="src.components.movie-overview">
      <metrics statements="3" coveredstatements="3" conditionals="0" coveredconditionals="0" methods="1" coveredmethods="1"/>
      <file name="movie-overview.jsx" path="C:\Users\titarenkoeia\1120597-what-to-watch-4\src\components\movie-overview\movie-overview.jsx">
        <metrics statements="3" coveredstatements="3" conditionals="0" coveredconditionals="0" methods="1" coveredmethods="1"/>
        <line num="5" count="4" type="stmt"/>
        <line num="6" count="3" type="stmt"/>
        <line num="28" count="4" type="stmt"/>
      </file>
    </package>
    <package name="src.components.movie-page">
      <metrics statements="16" coveredstatements="11" conditionals="4" coveredconditionals="2" methods="6" coveredmethods="4"/>
      <file name="movie-page.jsx" path="C:\Users\titarenkoeia\1120597-what-to-watch-4\src\components\movie-page\movie-page.jsx">
        <metrics statements="16" coveredstatements="11" conditionals="4" coveredconditionals="2" methods="6" coveredmethods="4"/>
        <line num="20" count="2" type="stmt"/>
        <line num="21" count="2" type="stmt"/>
        <line num="24" count="2" type="stmt"/>
        <line num="34" count="1" type="stmt"/>
        <line num="35" count="1" type="stmt"/>
        <line num="37" count="1" type="cond" truecount="1" falsecount="1"/>
        <line num="38" count="0" type="stmt"/>
        <line num="41" count="1" type="cond" truecount="1" falsecount="1"/>
        <line num="42" count="0" type="stmt"/>
        <line num="51" count="1" type="stmt"/>
        <line num="106" count="2" type="stmt"/>
        <line num="129" count="2" type="stmt"/>
        <line num="135" count="2" type="stmt"/>
        <line num="137" count="0" type="stmt"/>
        <line num="138" count="0" type="stmt"/>
        <line num="141" count="0" type="stmt"/>
      </file>
    </package>
    <package name="src.components.movie-reviews">
      <metrics statements="9" coveredstatements="9" conditionals="0" coveredconditionals="0" methods="3" coveredmethods="3"/>
      <file name="movie-reviews.jsx" path="C:\Users\titarenkoeia\1120597-what-to-watch-4\src\components\movie-reviews\movie-reviews.jsx">
        <metrics statements="9" coveredstatements="9" conditionals="0" coveredconditionals="0" methods="3" coveredmethods="3"/>
        <line num="5" count="4" type="stmt"/>
        <line num="6" count="2" type="stmt"/>
        <line num="20" count="4" type="stmt"/>
        <line num="21" count="1" type="stmt"/>
        <line num="22" count="1" type="stmt"/>
        <line num="23" count="1" type="stmt"/>
        <line num="25" count="2" type="stmt"/>
        <line num="27" count="1" type="stmt"/>
        <line num="39" count="4" type="stmt"/>
      </file>
    </package>
    <package name="src.components.movie-videoplayer">
      <metrics statements="7" coveredstatements="6" conditionals="4" coveredconditionals="2" methods="1" coveredmethods="1"/>
      <file name="movie-videoplayer.jsx" path="C:\Users\titarenkoeia\1120597-what-to-watch-4\src\components\movie-videoplayer\movie-videoplayer.jsx">
        <metrics statements="7" coveredstatements="6" conditionals="4" coveredconditionals="2" methods="1" coveredmethods="1"/>
        <line num="6" count="2" type="stmt"/>
        <line num="16" count="1" type="stmt"/>
        <line num="18" count="1" type="stmt"/>
        <line num="20" count="1" type="cond" truecount="1" falsecount="1"/>
        <line num="21" count="0" type="stmt"/>
        <line num="24" count="1" type="stmt"/>
        <line num="69" count="2" type="stmt"/>
      </file>
    </package>
    <package name="src.components.movies-list">
      <metrics statements="5" coveredstatements="5" conditionals="0" coveredconditionals="0" methods="2" coveredmethods="2"/>
      <file name="movies-list.jsx" path="C:\Users\titarenkoeia\1120597-what-to-watch-4\src\components\movies-list\movies-list.jsx">
        <metrics statements="5" coveredstatements="5" conditionals="0" coveredconditionals="0" methods="2" coveredmethods="2"/>
        <line num="6" count="6" type="stmt"/>
        <line num="8" count="6" type="stmt"/>
        <line num="9" count="5" type="stmt"/>
        <line num="12" count="15" type="stmt"/>
        <line num="22" count="6" type="stmt"/>
      </file>
    </package>
    <package name="src.components.my-list">
      <metrics statements="11" coveredstatements="9" conditionals="2" coveredconditionals="1" methods="6" coveredmethods="3"/>
      <file name="my-list.jsx" path="C:\Users\titarenkoeia\1120597-what-to-watch-4\src\components\my-list\my-list.jsx">
        <metrics statements="11" coveredstatements="9" conditionals="2" coveredconditionals="1" methods="6" coveredmethods="3"/>
        <line num="14" count="1" type="stmt"/>
        <line num="18" count="1" type="stmt"/>
        <line num="19" count="1" type="stmt"/>
        <line num="23" count="1" type="stmt"/>
        <line num="25" count="1" type="cond" truecount="1" falsecount="1"/>
        <line num="26" count="1" type="stmt"/>
        <line num="29" count="0" type="stmt"/>
        <line num="51" count="2" type="stmt"/>
        <line num="64" count="2" type="stmt"/>
        <line num="70" count="2" type="stmt"/>
        <line num="72" count="0" type="stmt"/>
      </file>
    </package>
    <package name="src.components.page-footer">
      <metrics statements="3" coveredstatements="3" conditionals="0" coveredconditionals="0" methods="1" coveredmethods="1"/>
      <file name="page-footer.jsx" path="C:\Users\titarenkoeia\1120597-what-to-watch-4\src\components\page-footer\page-footer.jsx">
        <metrics statements="3" coveredstatements="3" conditionals="0" coveredconditionals="0" methods="1" coveredmethods="1"/>
        <line num="6" count="6" type="stmt"/>
        <line num="7" count="5" type="stmt"/>
        <line num="9" count="5" type="stmt"/>
      </file>
    </package>
    <package name="src.components.page-header">
      <metrics statements="4" coveredstatements="4" conditionals="2" coveredconditionals="2" methods="2" coveredmethods="2"/>
      <file name="page-header.jsx" path="C:\Users\titarenkoeia\1120597-what-to-watch-4\src\components\page-header\page-header.jsx">
        <metrics statements="4" coveredstatements="4" conditionals="2" coveredconditionals="2" methods="2" coveredmethods="2"/>
        <line num="10" count="7" type="stmt"/>
        <line num="12" count="6" type="stmt"/>
        <line num="44" count="7" type="stmt"/>
        <line num="55" count="7" type="stmt"/>
      </file>
    </package>
    <package name="src.components.private-route">
      <metrics statements="6" coveredstatements="3" conditionals="2" coveredconditionals="0" methods="3" coveredmethods="0"/>
      <file name="private-route.jsx" path="C:\Users\titarenkoeia\1120597-what-to-watch-4\src\components\private-route\private-route.jsx">
        <metrics statements="6" coveredstatements="3" conditionals="2" coveredconditionals="0" methods="3" coveredmethods="0"/>
        <line num="9" count="1" type="stmt"/>
        <line num="10" count="0" type="stmt"/>
        <line num="12" count="0" type="stmt"/>
        <line num="17" count="0" type="stmt"/>
        <line num="27" count="1" type="stmt"/>
        <line num="34" count="1" type="stmt"/>
      </file>
    </package>
    <package name="src.components.related-movies">
      <metrics statements="3" coveredstatements="3" conditionals="0" coveredconditionals="0" methods="1" coveredmethods="1"/>
      <file name="related-movies.jsx" path="C:\Users\titarenkoeia\1120597-what-to-watch-4\src\components\related-movies\related-movies.jsx">
        <metrics statements="3" coveredstatements="3" conditionals="0" coveredconditionals="0" methods="1" coveredmethods="1"/>
        <line num="5" count="3" type="stmt"/>
        <line num="7" count="2" type="stmt"/>
        <line num="15" count="3" type="stmt"/>
      </file>
    </package>
    <package name="src.components.show-more-button">
      <metrics statements="3" coveredstatements="3" conditionals="0" coveredconditionals="0" methods="1" coveredmethods="1"/>
      <file name="show-more-button.jsx" path="C:\Users\titarenkoeia\1120597-what-to-watch-4\src\components\show-more-button\show-more-button.jsx">
        <metrics statements="3" coveredstatements="3" conditionals="0" coveredconditionals="0" methods="1" coveredmethods="1"/>
        <line num="4" count="3" type="stmt"/>
        <line num="5" count="1" type="stmt"/>
        <line num="16" count="3" type="stmt"/>
      </file>
    </package>
    <package name="src.components.sign-in">
      <metrics statements="10" coveredstatements="6" conditionals="0" coveredconditionals="0" methods="3" coveredmethods="2"/>
      <file name="sign-in.jsx" path="C:\Users\titarenkoeia\1120597-what-to-watch-4\src\components\sign-in\sign-in.jsx">
        <metrics statements="10" coveredstatements="6" conditionals="0" coveredconditionals="0" methods="3" coveredmethods="2"/>
        <line num="9" count="1" type="stmt"/>
        <line num="11" count="1" type="stmt"/>
        <line num="12" count="1" type="stmt"/>
        <line num="14" count="1" type="stmt"/>
        <line num="18" count="0" type="stmt"/>
        <line num="20" count="0" type="stmt"/>
        <line num="22" count="0" type="stmt"/>
        <line num="27" count="0" type="stmt"/>
        <line num="31" count="1" type="stmt"/>
        <line num="63" count="2" type="stmt"/>
      </file>
    </package>
    <package name="src.components.small-movie-card">
      <metrics statements="8" coveredstatements="8" conditionals="0" coveredconditionals="0" methods="3" coveredmethods="3"/>
      <file name="small-movie-card.jsx" path="C:\Users\titarenkoeia\1120597-what-to-watch-4\src\components\small-movie-card\small-movie-card.jsx">
        <metrics statements="8" coveredstatements="8" conditionals="0" coveredconditionals="0" methods="3" coveredmethods="3"/>
        <line num="10" count="18" type="stmt"/>
        <line num="12" count="18" type="stmt"/>
        <line num="16" count="1" type="stmt"/>
        <line num="18" count="1" type="stmt"/>
        <line num="19" count="1" type="stmt"/>
        <line num="23" count="18" type="stmt"/>
        <line num="25" count="18" type="stmt"/>
        <line num="54" count="8" type="stmt"/>
      </file>
    </package>
    <package name="src.components.tabs">
      <metrics statements="13" coveredstatements="8" conditionals="6" coveredconditionals="3" methods="4" coveredmethods="3"/>
      <file name="tabs.jsx" path="C:\Users\titarenkoeia\1120597-what-to-watch-4\src\components\tabs\tabs.jsx">
        <metrics statements="13" coveredstatements="8" conditionals="6" coveredconditionals="3" methods="4" coveredmethods="3"/>
        <line num="8" count="3" type="stmt"/>
        <line num="9" count="2" type="cond" truecount="1" falsecount="3"/>
        <line num="11" count="2" type="stmt"/>
        <line num="13" count="0" type="stmt"/>
        <line num="15" count="0" type="stmt"/>
        <line num="17" count="0" type="stmt"/>
        <line num="21" count="3" type="stmt"/>
        <line num="22" count="2" type="stmt"/>
        <line num="24" count="2" type="stmt"/>
        <line num="30" count="6" type="stmt"/>
        <line num="39" count="0" type="stmt"/>
        <line num="40" count="0" type="stmt"/>
        <line num="54" count="3" type="stmt"/>
      </file>
    </package>
    <package name="src.components.video-player">
      <metrics statements="23" coveredstatements="14" conditionals="6" coveredconditionals="3" methods="6" coveredmethods="4"/>
      <file name="video-player.jsx" path="C:\Users\titarenkoeia\1120597-what-to-watch-4\src\components\video-player\video-player.jsx">
        <metrics statements="23" coveredstatements="14" conditionals="6" coveredconditionals="3" methods="6" coveredmethods="4"/>
        <line num="6" count="18" type="stmt"/>
        <line num="8" count="18" type="stmt"/>
        <line num="12" count="19" type="stmt"/>
        <line num="13" count="19" type="stmt"/>
        <line num="15" count="19" type="cond" truecount="2" falsecount="0"/>
        <line num="16" count="7" type="stmt"/>
        <line num="17" count="7" type="stmt"/>
        <line num="18" count="7" type="stmt"/>
        <line num="23" count="0" type="stmt"/>
        <line num="25" count="0" type="cond" truecount="0" falsecount="2"/>
        <line num="26" count="0" type="stmt"/>
        <line num="27" count="0" type="stmt"/>
        <line num="28" count="0" type="stmt"/>
        <line num="30" count="0" type="stmt"/>
        <line num="34" count="1" type="stmt"/>
        <line num="36" count="1" type="cond" truecount="1" falsecount="1"/>
        <line num="37" count="1" type="stmt"/>
        <line num="38" count="0" type="stmt"/>
        <line num="41" count="0" type="stmt"/>
        <line num="42" count="0" type="stmt"/>
        <line num="47" count="19" type="stmt"/>
        <line num="49" count="19" type="stmt"/>
        <line num="61" count="10" type="stmt"/>
      </file>
    </package>
    <package name="src.hocs.with-active-tab">
      <metrics statements="8" coveredstatements="8" conditionals="0" coveredconditionals="0" methods="4" coveredmethods="4"/>
      <file name="with-active-tab.js" path="C:\Users\titarenkoeia\1120597-what-to-watch-4\src\hocs\with-active-tab\with-active-tab.js">
        <metrics statements="8" coveredstatements="8" conditionals="0" coveredconditionals="0" methods="4" coveredmethods="4"/>
        <line num="4" count="3" type="stmt"/>
        <line num="7" count="2" type="stmt"/>
        <line num="9" count="2" type="stmt"/>
        <line num="13" count="2" type="stmt"/>
        <line num="17" count="1" type="stmt"/>
        <line num="23" count="3" type="stmt"/>
        <line num="25" count="3" type="stmt"/>
        <line num="36" count="3" type="stmt"/>
      </file>
    </package>
    <package name="src.hocs.with-full-screen-videoplayer">
      <metrics statements="39" coveredstatements="3" conditionals="4" coveredconditionals="0" methods="13" coveredmethods="1"/>
      <file name="with-full-screen-videoplayer.js" path="C:\Users\titarenkoeia\1120597-what-to-watch-4\src\hocs\with-full-screen-videoplayer\with-full-screen-videoplayer.js">
        <metrics statements="39" coveredstatements="3" conditionals="4" coveredconditionals="0" methods="13" coveredmethods="1"/>
        <line num="4" count="1" type="stmt"/>
        <line num="7" count="0" type="stmt"/>
        <line num="9" count="0" type="stmt"/>
        <line num="11" count="0" type="stmt"/>
        <line num="17" count="0" type="stmt"/>
        <line num="18" count="0" type="stmt"/>
        <line num="22" count="0" type="stmt"/>
        <line num="23" count="0" type="stmt"/>
        <line num="25" count="0" type="stmt"/>
        <line num="26" count="0" type="stmt"/>
        <line num="27" count="0" type="stmt"/>
        <line num="29" count="0" type="stmt"/>
        <line num="30" count="0" type="stmt"/>
        <line num="35" count="0" type="stmt"/>
        <line num="39" count="0" type="stmt"/>
        <line num="40" count="0" type="stmt"/>
        <line num="45" count="0" type="stmt"/>
        <line num="46" count="0" type="stmt"/>
        <line num="51" count="0" type="stmt"/>
        <line num="52" count="0" type="stmt"/>
        <line num="59" count="0" type="stmt"/>
        <line num="61" count="0" type="cond" truecount="0" falsecount="2"/>
        <line num="62" count="0" type="stmt"/>
        <line num="63" count="0" type="stmt"/>
        <line num="64" count="0" type="stmt"/>
        <line num="65" count="0" type="stmt"/>
        <line num="70" count="0" type="stmt"/>
        <line num="71" count="0" type="stmt"/>
        <line num="73" count="0" type="cond" truecount="0" falsecount="2"/>
        <line num="74" count="0" type="stmt"/>
        <line num="76" count="0" type="stmt"/>
        <line num="81" count="0" type="stmt"/>
        <line num="87" count="0" type="stmt"/>
        <line num="88" count="0" type="stmt"/>
        <line num="93" count="0" type="stmt"/>
        <line num="94" count="0" type="stmt"/>
        <line num="96" count="0" type="stmt"/>
        <line num="118" count="1" type="stmt"/>
        <line num="127" count="1" type="stmt"/>
      </file>
    </package>
    <package name="src.hocs.with-review">
      <metrics statements="18" coveredstatements="4" conditionals="4" coveredconditionals="0" methods="7" coveredmethods="1"/>
      <file name="with-review.js" path="C:\Users\titarenkoeia\1120597-what-to-watch-4\src\hocs\with-review\with-review.js">
        <metrics statements="18" coveredstatements="4" conditionals="4" coveredconditionals="0" methods="7" coveredmethods="1"/>
        <line num="8" count="3" type="stmt"/>
        <line num="11" count="0" type="stmt"/>
        <line num="13" count="0" type="stmt"/>
        <line num="19" count="0" type="stmt"/>
        <line num="20" count="0" type="stmt"/>
        <line num="21" count="0" type="stmt"/>
        <line num="25" count="0" type="stmt"/>
        <line num="31" count="0" type="stmt"/>
        <line num="38" count="0" type="stmt"/>
        <line num="40" count="0" type="stmt"/>
        <line num="45" count="0" type="stmt"/>
        <line num="46" count="0" type="stmt"/>
        <line num="47" count="0" type="stmt"/>
        <line num="51" count="0" type="stmt"/>
        <line num="53" count="0" type="stmt"/>
        <line num="66" count="5" type="stmt"/>
        <line num="71" count="5" type="stmt"/>
        <line num="75" count="5" type="stmt"/>
      </file>
    </package>
    <package name="src.hocs.with-video">
      <metrics statements="12" coveredstatements="10" conditionals="0" coveredconditionals="0" methods="5" coveredmethods="4"/>
      <file name="with-video.js" path="C:\Users\titarenkoeia\1120597-what-to-watch-4\src\hocs\with-video\with-video.js">
        <metrics statements="12" coveredstatements="10" conditionals="0" coveredconditionals="0" methods="5" coveredmethods="4"/>
        <line num="3" count="7" type="stmt"/>
        <line num="6" count="16" type="stmt"/>
        <line num="7" count="16" type="stmt"/>
        <line num="9" count="16" type="stmt"/>
        <line num="15" count="16" type="stmt"/>
        <line num="16" count="16" type="stmt"/>
        <line num="20" count="2" type="stmt"/>
        <line num="26" count="0" type="stmt"/>
        <line num="27" count="0" type="stmt"/>
        <line num="31" count="18" type="stmt"/>
        <line num="33" count="18" type="stmt"/>
        <line num="53" count="7" type="stmt"/>
      </file>
    </package>
    <package name="src.reducer">
      <metrics statements="1" coveredstatements="1" conditionals="0" coveredconditionals="0" methods="0" coveredmethods="0"/>
      <file name="name-space.js" path="C:\Users\titarenkoeia\1120597-what-to-watch-4\src\reducer\name-space.js">
        <metrics statements="1" coveredstatements="1" conditionals="0" coveredconditionals="0" methods="0" coveredmethods="0"/>
        <line num="1" count="8" type="stmt"/>
      </file>
    </package>
    <package name="src.reducer.actions">
      <metrics statements="21" coveredstatements="17" conditionals="0" coveredconditionals="0" methods="15" coveredmethods="11"/>
      <file name="app-state-action-creator.js" path="C:\Users\titarenkoeia\1120597-what-to-watch-4\src\reducer\actions\app-state-action-creator.js">
        <metrics statements="7" coveredstatements="5" conditionals="0" coveredconditionals="0" methods="6" coveredmethods="4"/>
        <line num="4" count="7" type="stmt"/>
        <line num="5" count="1" type="stmt"/>
        <line num="10" count="1" type="stmt"/>
        <line num="15" count="0" type="stmt"/>
        <line num="19" count="0" type="stmt"/>
        <line num="23" count="1" type="stmt"/>
        <line num="27" count="1" type="stmt"/>
      </file>
      <file name="app-state-action-types.js" path="C:\Users\titarenkoeia\1120597-what-to-watch-4\src\reducer\actions\app-state-action-types.js">
        <metrics statements="1" coveredstatements="1" conditionals="0" coveredconditionals="0" methods="0" coveredmethods="0"/>
        <line num="1" count="7" type="stmt"/>
      </file>
      <file name="data-action-creator.js" path="C:\Users\titarenkoeia\1120597-what-to-watch-4\src\reducer\actions\data-action-creator.js">
        <metrics statements="7" coveredstatements="6" conditionals="0" coveredconditionals="0" methods="6" coveredmethods="5"/>
        <line num="3" count="6" type="stmt"/>
        <line num="5" count="1" type="stmt"/>
        <line num="12" count="1" type="stmt"/>
        <line num="19" count="1" type="stmt"/>
        <line num="25" count="1" type="stmt"/>
        <line num="31" count="1" type="stmt"/>
        <line num="38" count="0" type="stmt"/>
      </file>
      <file name="data-action-types.js" path="C:\Users\titarenkoeia\1120597-what-to-watch-4\src\reducer\actions\data-action-types.js">
        <metrics statements="1" coveredstatements="1" conditionals="0" coveredconditionals="0" methods="0" coveredmethods="0"/>
        <line num="1" count="6" type="stmt"/>
      </file>
      <file name="user-action-creator.js" path="C:\Users\titarenkoeia\1120597-what-to-watch-4\src\reducer\actions\user-action-creator.js">
        <metrics statements="4" coveredstatements="3" conditionals="0" coveredconditionals="0" methods="3" coveredmethods="2"/>
        <line num="3" count="9" type="stmt"/>
        <line num="5" count="3" type="stmt"/>
        <line num="12" count="1" type="stmt"/>
        <line num="18" count="0" type="stmt"/>
      </file>
      <file name="user-action-type.js" path="C:\Users\titarenkoeia\1120597-what-to-watch-4\src\reducer\actions\user-action-type.js">
        <metrics statements="1" coveredstatements="1" conditionals="0" coveredconditionals="0" methods="0" coveredmethods="0"/>
        <line num="1" count="9" type="stmt"/>
      </file>
    </package>
    <package name="src.reducer.app-state">
      <metrics statements="18" coveredstatements="17" conditionals="7" coveredconditionals="7" methods="8" coveredmethods="6"/>
      <file name="app-state.js" path="C:\Users\titarenkoeia\1120597-what-to-watch-4\src\reducer\app-state\app-state.js">
        <metrics statements="10" coveredstatements="10" conditionals="7" coveredconditionals="7" methods="1" coveredmethods="1"/>
        <line num="5" count="1" type="stmt"/>
        <line num="14" count="1" type="cond" truecount="1" falsecount="0"/>
        <line num="15" count="7" type="cond" truecount="6" falsecount="0"/>
        <line num="17" count="1" type="stmt"/>
        <line num="21" count="1" type="stmt"/>
        <line num="25" count="1" type="stmt"/>
        <line num="29" count="1" type="stmt"/>
        <line num="33" count="1" type="stmt"/>
        <line num="37" count="1" type="stmt"/>
        <line num="42" count="1" type="stmt"/>
      </file>
      <file name="selectors.js" path="C:\Users\titarenkoeia\1120597-what-to-watch-4\src\reducer\app-state\selectors.js">
        <metrics statements="8" coveredstatements="7" conditionals="0" coveredconditionals="0" methods="7" coveredmethods="5"/>
        <line num="5" count="5" type="stmt"/>
        <line num="7" count="5" type="stmt"/>
        <line num="9" count="5" type="stmt"/>
        <line num="11" count="5" type="stmt"/>
        <line num="13" count="5" type="stmt"/>
        <line num="15" count="5" type="stmt"/>
        <line num="17" count="5" type="stmt"/>
        <line num="18" count="0" type="stmt"/>
      </file>
    </package>
    <package name="src.reducer.data">
      <metrics statements="53" coveredstatements="38" conditionals="12" coveredconditionals="6" methods="37" coveredmethods="25"/>
      <file name="data.js" path="C:\Users\titarenkoeia\1120597-what-to-watch-4\src\reducer\data\data.js">
        <metrics statements="42" coveredstatements="30" conditionals="10" coveredconditionals="6" methods="28" coveredmethods="19"/>
        <line num="8" count="6" type="stmt"/>
        <line num="16" count="6" type="stmt"/>
        <line num="17" count="1" type="stmt"/>
        <line num="18" count="1" type="stmt"/>
        <line num="20" count="1" type="stmt"/>
        <line num="23" count="0" type="stmt"/>
        <line num="27" count="1" type="stmt"/>
        <line num="28" count="1" type="stmt"/>
        <line num="30" count="1" type="stmt"/>
        <line num="31" count="1" type="stmt"/>
        <line num="34" count="0" type="stmt"/>
        <line num="38" count="2" type="stmt"/>
        <line num="39" count="1" type="stmt"/>
        <line num="41" count="1" type="stmt"/>
        <line num="44" count="0" type="stmt"/>
        <line num="48" count="1" type="stmt"/>
        <line num="49" count="1" type="stmt"/>
        <line num="51" count="1" type="cond" truecount="1" falsecount="1"/>
        <line num="52" count="1" type="stmt"/>
        <line num="53" count="1" type="stmt"/>
        <line num="57" count="0" type="stmt"/>
        <line num="61" count="1" type="stmt"/>
        <line num="62" count="1" type="stmt"/>
        <line num="67" count="1" type="stmt"/>
        <line num="68" count="1" type="stmt"/>
        <line num="71" count="1" type="stmt"/>
        <line num="72" count="1" type="stmt"/>
        <line num="75" count="0" type="stmt"/>
        <line num="79" count="0" type="stmt"/>
        <line num="80" count="0" type="cond" truecount="0" falsecount="2"/>
        <line num="82" count="0" type="stmt"/>
        <line num="83" count="0" type="stmt"/>
        <line num="84" count="0" type="stmt"/>
        <line num="87" count="0" type="stmt"/>
        <line num="92" count="6" type="cond" truecount="1" falsecount="0"/>
        <line num="93" count="5" type="cond" truecount="4" falsecount="1"/>
        <line num="95" count="1" type="stmt"/>
        <line num="100" count="1" type="stmt"/>
        <line num="105" count="1" type="stmt"/>
        <line num="110" count="1" type="stmt"/>
        <line num="115" count="0" type="stmt"/>
        <line num="120" count="1" type="stmt"/>
      </file>
      <file name="selectors.js" path="C:\Users\titarenkoeia\1120597-what-to-watch-4\src\reducer\data\selectors.js">
        <metrics statements="11" coveredstatements="8" conditionals="2" coveredconditionals="0" methods="9" coveredmethods="6"/>
        <line num="5" count="5" type="stmt"/>
        <line num="7" count="6" type="stmt"/>
        <line num="9" count="5" type="stmt"/>
        <line num="11" count="5" type="stmt"/>
        <line num="13" count="5" type="stmt"/>
        <line num="15" count="5" type="stmt"/>
        <line num="18" count="6" type="stmt"/>
        <line num="22" count="5" type="stmt"/>
        <line num="26" count="0" type="cond" truecount="0" falsecount="2"/>
        <line num="27" count="0" type="stmt"/>
        <line num="29" count="0" type="stmt"/>
      </file>
    </package>
    <package name="src.reducer.user">
      <metrics statements="23" coveredstatements="15" conditionals="4" coveredconditionals="3" methods="12" coveredmethods="7"/>
      <file name="selectors.js" path="C:\Users\titarenkoeia\1120597-what-to-watch-4\src\reducer\user\selectors.js">
        <metrics statements="3" coveredstatements="3" conditionals="0" coveredconditionals="0" methods="3" coveredmethods="3"/>
        <line num="3" count="12" type="stmt"/>
        <line num="5" count="8" type="stmt"/>
        <line num="7" count="8" type="stmt"/>
      </file>
      <file name="user.js" path="C:\Users\titarenkoeia\1120597-what-to-watch-4\src\reducer\user\user.js">
        <metrics statements="20" coveredstatements="12" conditionals="4" coveredconditionals="3" methods="9" coveredmethods="4"/>
        <line num="6" count="9" type="stmt"/>
        <line num="11" count="9" type="stmt"/>
        <line num="21" count="9" type="stmt"/>
        <line num="22" count="1" type="stmt"/>
        <line num="23" count="1" type="stmt"/>
        <line num="25" count="1" type="stmt"/>
        <line num="26" count="1" type="stmt"/>
        <line num="29" count="0" type="stmt"/>
        <line num="33" count="0" type="stmt"/>
        <line num="34" count="0" type="stmt"/>
        <line num="39" count="0" type="stmt"/>
        <line num="40" count="0" type="stmt"/>
        <line num="41" count="0" type="stmt"/>
        <line num="44" count="0" type="stmt"/>
        <line num="50" count="9" type="cond" truecount="1" falsecount="0"/>
        <line num="51" count="6" type="cond" truecount="2" falsecount="1"/>
        <line num="53" count="4" type="stmt"/>
        <line num="57" count="1" type="stmt"/>
        <line num="61" count="0" type="stmt"/>
        <line num="66" count="1" type="stmt"/>
      </file>
    </package>
  </project>
</coverage>
