{"C:\\Users\\titarenkoeia\\1120597-what-to-watch-4\\src\\api.js": {"path":"C:\\Users\\titarenkoeia\\1120597-what-to-watch-4\\src\\api.js","statementMap":{"0":{"start":{"line":4,"column":14},"end":{"line":6,"column":1}},"1":{"start":{"line":8,"column":25},"end":{"line":34,"column":1}},"2":{"start":{"line":9,"column":14},"end":{"line":13,"column":4}},"3":{"start":{"line":15,"column":20},"end":{"line":17,"column":3}},"4":{"start":{"line":16,"column":4},"end":{"line":16,"column":20}},"5":{"start":{"line":19,"column":17},"end":{"line":29,"column":3}},"6":{"start":{"line":20,"column":23},"end":{"line":20,"column":26}},"7":{"start":{"line":22,"column":4},"end":{"line":26,"column":5}},"8":{"start":{"line":23,"column":6},"end":{"line":23,"column":23}},"9":{"start":{"line":25,"column":6},"end":{"line":25,"column":16}},"10":{"start":{"line":28,"column":4},"end":{"line":28,"column":14}},"11":{"start":{"line":31,"column":2},"end":{"line":31,"column":51}},"12":{"start":{"line":33,"column":2},"end":{"line":33,"column":13}}},"fnMap":{"0":{"name":"(anonymous_0)","decl":{"start":{"line":8,"column":25},"end":{"line":8,"column":26}},"loc":{"start":{"line":8,"column":45},"end":{"line":34,"column":1}},"line":8},"1":{"name":"(anonymous_1)","decl":{"start":{"line":15,"column":20},"end":{"line":15,"column":21}},"loc":{"start":{"line":15,"column":34},"end":{"line":17,"column":3}},"line":15},"2":{"name":"(anonymous_2)","decl":{"start":{"line":19,"column":17},"end":{"line":19,"column":18}},"loc":{"start":{"line":19,"column":26},"end":{"line":29,"column":3}},"line":19}},"branchMap":{"0":{"loc":{"start":{"line":22,"column":4},"end":{"line":26,"column":5}},"type":"if","locations":[{"start":{"line":22,"column":4},"end":{"line":26,"column":5}},{"start":{"line":22,"column":4},"end":{"line":26,"column":5}}],"line":22}},"s":{"0":2,"1":2,"2":2,"3":2,"4":6,"5":2,"6":0,"7":0,"8":0,"9":0,"10":0,"11":2,"12":2},"f":{"0":2,"1":6,"2":0},"b":{"0":[0,0]},"_coverageSchema":"1a1c01bbd47fc00a2c39e90264f33305004495a9","hash":"bd9368e3ca3b541aa69f01c8c9388be84a979d93"}
,"C:\\Users\\titarenkoeia\\1120597-what-to-watch-4\\src\\constants.js": {"path":"C:\\Users\\titarenkoeia\\1120597-what-to-watch-4\\src\\constants.js","statementMap":{"0":{"start":{"line":1,"column":26},"end":{"line":19,"column":1}},"1":{"start":{"line":21,"column":25},"end":{"line":25,"column":1}},"2":{"start":{"line":27,"column":32},"end":{"line":27,"column":33}},"3":{"start":{"line":29,"column":40},"end":{"line":29,"column":41}},"4":{"start":{"line":31,"column":27},"end":{"line":31,"column":31}},"5":{"start":{"line":33,"column":24},"end":{"line":39,"column":1}},"6":{"start":{"line":41,"column":22},"end":{"line":44,"column":1}},"7":{"start":{"line":46,"column":22},"end":{"line":46,"column":23}},"8":{"start":{"line":48,"column":22},"end":{"line":54,"column":1}},"9":{"start":{"line":56,"column":21},"end":{"line":61,"column":1}}},"fnMap":{},"branchMap":{},"s":{"0":20,"1":20,"2":20,"3":20,"4":20,"5":20,"6":20,"7":20,"8":20,"9":20},"f":{},"b":{},"_coverageSchema":"1a1c01bbd47fc00a2c39e90264f33305004495a9","hash":"03a00545ffa1e361ae5e3909c15f0499c66f4446"}
,"C:\\Users\\titarenkoeia\\1120597-what-to-watch-4\\src\\history.js": {"path":"C:\\Users\\titarenkoeia\\1120597-what-to-watch-4\\src\\history.js","statementMap":{"0":{"start":{"line":3,"column":16},"end":{"line":3,"column":38}}},"fnMap":{},"branchMap":{},"s":{"0":13},"f":{},"b":{},"_coverageSchema":"1a1c01bbd47fc00a2c39e90264f33305004495a9","hash":"700cecb9c5204f2e7c7a20fcf620c53dae59cd10"}
,"C:\\Users\\titarenkoeia\\1120597-what-to-watch-4\\src\\utils.js": {"path":"C:\\Users\\titarenkoeia\\1120597-what-to-watch-4\\src\\utils.js","statementMap":{"0":{"start":{"line":3,"column":22},"end":{"line":5,"column":1}},"1":{"start":{"line":4,"column":2},"end":{"line":4,"column":33}},"2":{"start":{"line":7,"column":30},"end":{"line":17,"column":1}},"3":{"start":{"line":8,"column":18},"end":{"line":8,"column":43}},"4":{"start":{"line":9,"column":18},"end":{"line":9,"column":43}},"5":{"start":{"line":10,"column":16},"end":{"line":10,"column":40}},"6":{"start":{"line":12,"column":2},"end":{"line":16,"column":14}},"7":{"start":{"line":19,"column":33},"end":{"line":25,"column":1}},"8":{"start":{"line":20,"column":2},"end":{"line":24,"column":3}},"9":{"start":{"line":21,"column":4},"end":{"line":21,"column":18}},"10":{"start":{"line":23,"column":4},"end":{"line":23,"column":65}},"11":{"start":{"line":23,"column":36},"end":{"line":23,"column":63}},"12":{"start":{"line":27,"column":29},"end":{"line":40,"column":1}},"13":{"start":{"line":28,"column":21},"end":{"line":28,"column":37}},"14":{"start":{"line":29,"column":18},"end":{"line":29,"column":76}},"15":{"start":{"line":31,"column":2},"end":{"line":34,"column":3}},"16":{"start":{"line":32,"column":4},"end":{"line":32,"column":54}},"17":{"start":{"line":33,"column":4},"end":{"line":33,"column":11}},"18":{"start":{"line":36,"column":2},"end":{"line":39,"column":3}},"19":{"start":{"line":37,"column":4},"end":{"line":37,"column":79}},"20":{"start":{"line":38,"column":4},"end":{"line":38,"column":11}},"21":{"start":{"line":42,"column":32},"end":{"line":49,"column":1}},"22":{"start":{"line":43,"column":24},"end":{"line":43,"column":40}},"23":{"start":{"line":45,"column":2},"end":{"line":48,"column":3}},"24":{"start":{"line":46,"column":4},"end":{"line":46,"column":57}},"25":{"start":{"line":47,"column":4},"end":{"line":47,"column":11}},"26":{"start":{"line":51,"column":32},"end":{"line":56,"column":1}},"27":{"start":{"line":52,"column":2},"end":{"line":55,"column":4}},"28":{"start":{"line":53,"column":23},"end":{"line":53,"column":56}},"29":{"start":{"line":58,"column":28},"end":{"line":60,"column":1}},"30":{"start":{"line":59,"column":2},"end":{"line":59,"column":49}},"31":{"start":{"line":59,"column":32},"end":{"line":59,"column":47}},"32":{"start":{"line":62,"column":30},"end":{"line":84,"column":1}},"33":{"start":{"line":63,"column":2},"end":{"line":65,"column":3}},"34":{"start":{"line":64,"column":4},"end":{"line":64,"column":17}},"35":{"start":{"line":67,"column":2},"end":{"line":69,"column":3}},"36":{"start":{"line":68,"column":4},"end":{"line":68,"column":20}},"37":{"start":{"line":71,"column":2},"end":{"line":73,"column":3}},"38":{"start":{"line":72,"column":4},"end":{"line":72,"column":18}},"39":{"start":{"line":75,"column":2},"end":{"line":77,"column":3}},"40":{"start":{"line":76,"column":4},"end":{"line":76,"column":23}},"41":{"start":{"line":79,"column":2},"end":{"line":81,"column":3}},"42":{"start":{"line":80,"column":4},"end":{"line":80,"column":21}},"43":{"start":{"line":83,"column":2},"end":{"line":83,"column":14}}},"fnMap":{"0":{"name":"(anonymous_0)","decl":{"start":{"line":3,"column":22},"end":{"line":3,"column":23}},"loc":{"start":{"line":3,"column":32},"end":{"line":5,"column":1}},"line":3},"1":{"name":"(anonymous_1)","decl":{"start":{"line":7,"column":30},"end":{"line":7,"column":31}},"loc":{"start":{"line":7,"column":44},"end":{"line":17,"column":1}},"line":7},"2":{"name":"(anonymous_2)","decl":{"start":{"line":19,"column":33},"end":{"line":19,"column":34}},"loc":{"start":{"line":19,"column":58},"end":{"line":25,"column":1}},"line":19},"3":{"name":"(anonymous_3)","decl":{"start":{"line":23,"column":25},"end":{"line":23,"column":26}},"loc":{"start":{"line":23,"column":36},"end":{"line":23,"column":63}},"line":23},"4":{"name":"(anonymous_4)","decl":{"start":{"line":27,"column":29},"end":{"line":27,"column":30}},"loc":{"start":{"line":27,"column":38},"end":{"line":40,"column":1}},"line":27},"5":{"name":"(anonymous_5)","decl":{"start":{"line":42,"column":32},"end":{"line":42,"column":33}},"loc":{"start":{"line":42,"column":41},"end":{"line":49,"column":1}},"line":42},"6":{"name":"(anonymous_6)","decl":{"start":{"line":51,"column":32},"end":{"line":51,"column":33}},"loc":{"start":{"line":51,"column":65},"end":{"line":56,"column":1}},"line":51},"7":{"name":"(anonymous_7)","decl":{"start":{"line":53,"column":12},"end":{"line":53,"column":13}},"loc":{"start":{"line":53,"column":23},"end":{"line":53,"column":56}},"line":53},"8":{"name":"(anonymous_8)","decl":{"start":{"line":58,"column":28},"end":{"line":58,"column":29}},"loc":{"start":{"line":58,"column":44},"end":{"line":60,"column":1}},"line":58},"9":{"name":"(anonymous_9)","decl":{"start":{"line":59,"column":21},"end":{"line":59,"column":22}},"loc":{"start":{"line":59,"column":32},"end":{"line":59,"column":47}},"line":59},"10":{"name":"(anonymous_10)","decl":{"start":{"line":62,"column":30},"end":{"line":62,"column":31}},"loc":{"start":{"line":62,"column":42},"end":{"line":84,"column":1}},"line":62}},"branchMap":{"0":{"loc":{"start":{"line":20,"column":2},"end":{"line":24,"column":3}},"type":"if","locations":[{"start":{"line":20,"column":2},"end":{"line":24,"column":3}},{"start":{"line":20,"column":2},"end":{"line":24,"column":3}}],"line":20},"1":{"loc":{"start":{"line":31,"column":2},"end":{"line":34,"column":3}},"type":"if","locations":[{"start":{"line":31,"column":2},"end":{"line":34,"column":3}},{"start":{"line":31,"column":2},"end":{"line":34,"column":3}}],"line":31},"2":{"loc":{"start":{"line":36,"column":2},"end":{"line":39,"column":3}},"type":"if","locations":[{"start":{"line":36,"column":2},"end":{"line":39,"column":3}},{"start":{"line":36,"column":2},"end":{"line":39,"column":3}}],"line":36},"3":{"loc":{"start":{"line":45,"column":2},"end":{"line":48,"column":3}},"type":"if","locations":[{"start":{"line":45,"column":2},"end":{"line":48,"column":3}},{"start":{"line":45,"column":2},"end":{"line":48,"column":3}}],"line":45},"4":{"loc":{"start":{"line":63,"column":2},"end":{"line":65,"column":3}},"type":"if","locations":[{"start":{"line":63,"column":2},"end":{"line":65,"column":3}},{"start":{"line":63,"column":2},"end":{"line":65,"column":3}}],"line":63},"5":{"loc":{"start":{"line":63,"column":6},"end":{"line":63,"column":31}},"type":"binary-expr","locations":[{"start":{"line":63,"column":6},"end":{"line":63,"column":17}},{"start":{"line":63,"column":21},"end":{"line":63,"column":31}}],"line":63},"6":{"loc":{"start":{"line":67,"column":2},"end":{"line":69,"column":3}},"type":"if","locations":[{"start":{"line":67,"column":2},"end":{"line":69,"column":3}},{"start":{"line":67,"column":2},"end":{"line":69,"column":3}}],"line":67},"7":{"loc":{"start":{"line":67,"column":6},"end":{"line":67,"column":31}},"type":"binary-expr","locations":[{"start":{"line":67,"column":6},"end":{"line":67,"column":17}},{"start":{"line":67,"column":21},"end":{"line":67,"column":31}}],"line":67},"8":{"loc":{"start":{"line":71,"column":2},"end":{"line":73,"column":3}},"type":"if","locations":[{"start":{"line":71,"column":2},"end":{"line":73,"column":3}},{"start":{"line":71,"column":2},"end":{"line":73,"column":3}}],"line":71},"9":{"loc":{"start":{"line":71,"column":6},"end":{"line":71,"column":31}},"type":"binary-expr","locations":[{"start":{"line":71,"column":6},"end":{"line":71,"column":17}},{"start":{"line":71,"column":21},"end":{"line":71,"column":31}}],"line":71},"10":{"loc":{"start":{"line":75,"column":2},"end":{"line":77,"column":3}},"type":"if","locations":[{"start":{"line":75,"column":2},"end":{"line":77,"column":3}},{"start":{"line":75,"column":2},"end":{"line":77,"column":3}}],"line":75},"11":{"loc":{"start":{"line":75,"column":6},"end":{"line":75,"column":32}},"type":"binary-expr","locations":[{"start":{"line":75,"column":6},"end":{"line":75,"column":17}},{"start":{"line":75,"column":21},"end":{"line":75,"column":32}}],"line":75},"12":{"loc":{"start":{"line":79,"column":2},"end":{"line":81,"column":3}},"type":"if","locations":[{"start":{"line":79,"column":2},"end":{"line":81,"column":3}},{"start":{"line":79,"column":2},"end":{"line":81,"column":3}}],"line":79}},"s":{"0":14,"1":15,"2":14,"3":1,"4":1,"5":1,"6":1,"7":14,"8":2,"9":2,"10":0,"11":0,"12":14,"13":0,"14":0,"15":0,"16":0,"17":0,"18":0,"19":0,"20":0,"21":14,"22":0,"23":0,"24":0,"25":0,"26":14,"27":1,"28":3,"29":14,"30":0,"31":0,"32":14,"33":3,"34":0,"35":3,"36":0,"37":3,"38":0,"39":3,"40":3,"41":0,"42":0,"43":0},"f":{"0":15,"1":1,"2":2,"3":0,"4":0,"5":0,"6":1,"7":3,"8":0,"9":0,"10":3},"b":{"0":[2,0],"1":[0,0],"2":[0,0],"3":[0,0],"4":[0,3],"5":[3,3],"6":[0,3],"7":[3,3],"8":[0,3],"9":[3,3],"10":[3,0],"11":[3,3],"12":[0,0]},"_coverageSchema":"1a1c01bbd47fc00a2c39e90264f33305004495a9","hash":"75cca780b023030df1eb30965c27ad846c61279d"}
,"C:\\Users\\titarenkoeia\\1120597-what-to-watch-4\\src\\adapter\\movies.js": {"path":"C:\\Users\\titarenkoeia\\1120597-what-to-watch-4\\src\\adapter\\movies.js","statementMap":{"0":{"start":{"line":1,"column":27},"end":{"line":21,"column":1}},"1":{"start":{"line":2,"column":2},"end":{"line":20,"column":4}}},"fnMap":{"0":{"name":"(anonymous_0)","decl":{"start":{"line":1,"column":27},"end":{"line":1,"column":28}},"loc":{"start":{"line":1,"column":36},"end":{"line":21,"column":1}},"line":1}},"branchMap":{},"s":{"0":6,"1":6},"f":{"0":6},"b":{},"_coverageSchema":"1a1c01bbd47fc00a2c39e90264f33305004495a9","hash":"cfc4013a5ac40626c80a871f5eb9577181d63e80"}
,"C:\\Users\\titarenkoeia\\1120597-what-to-watch-4\\src\\adapter\\user.js": {"path":"C:\\Users\\titarenkoeia\\1120597-what-to-watch-4\\src\\adapter\\user.js","statementMap":{"0":{"start":{"line":1,"column":23},"end":{"line":6,"column":2}},"1":{"start":{"line":1,"column":34},"end":{"line":6,"column":1}}},"fnMap":{"0":{"name":"(anonymous_0)","decl":{"start":{"line":1,"column":23},"end":{"line":1,"column":24}},"loc":{"start":{"line":1,"column":34},"end":{"line":6,"column":1}},"line":1}},"branchMap":{},"s":{"0":9,"1":1},"f":{"0":1},"b":{},"_coverageSchema":"1a1c01bbd47fc00a2c39e90264f33305004495a9","hash":"4ca197b234c73786077bbf42d22fe36be75057e8"}
,"C:\\Users\\titarenkoeia\\1120597-what-to-watch-4\\src\\components\\add-review\\add-review.jsx": {"path":"C:\\Users\\titarenkoeia\\1120597-what-to-watch-4\\src\\components\\add-review\\add-review.jsx","statementMap":{"0":{"start":{"line":12,"column":18},"end":{"line":90,"column":1}},"1":{"start":{"line":22,"column":6},"end":{"line":22,"column":11}},"2":{"start":{"line":24,"column":2},"end":{"line":89,"column":4}},"3":{"start":{"line":56,"column":33},"end":{"line":56,"column":42}},"4":{"start":{"line":57,"column":18},"end":{"line":62,"column":20}},"5":{"start":{"line":92,"column":0},"end":{"line":107,"column":2}},"6":{"start":{"line":109,"column":24},"end":{"line":115,"column":2}},"7":{"start":{"line":109,"column":43},"end":{"line":115,"column":1}}},"fnMap":{"0":{"name":"(anonymous_0)","decl":{"start":{"line":12,"column":18},"end":{"line":12,"column":19}},"loc":{"start":{"line":12,"column":29},"end":{"line":90,"column":1}},"line":12},"1":{"name":"(anonymous_1)","decl":{"start":{"line":55,"column":28},"end":{"line":55,"column":29}},"loc":{"start":{"line":55,"column":45},"end":{"line":63,"column":17}},"line":55},"2":{"name":"(anonymous_2)","decl":{"start":{"line":109,"column":24},"end":{"line":109,"column":25}},"loc":{"start":{"line":109,"column":43},"end":{"line":115,"column":1}},"line":109}},"branchMap":{"0":{"loc":{"start":{"line":77,"column":35},"end":{"line":77,"column":75}},"type":"cond-expr","locations":[{"start":{"line":77,"column":54},"end":{"line":77,"column":63}},{"start":{"line":77,"column":66},"end":{"line":77,"column":75}}],"line":77},"1":{"loc":{"start":{"line":84,"column":9},"end":{"line":85,"column":119}},"type":"binary-expr","locations":[{"start":{"line":84,"column":9},"end":{"line":84,"column":16}},{"start":{"line":85,"column":11},"end":{"line":85,"column":119}}],"line":84}},"s":{"0":4,"1":1,"2":1,"3":5,"4":5,"5":4,"6":4,"7":0},"f":{"0":1,"1":5,"2":0},"b":{"0":[0,1],"1":[1,0]},"_coverageSchema":"1a1c01bbd47fc00a2c39e90264f33305004495a9","hash":"199d13734856d5b85a2520ec0b1d535d4918577f"}
,"C:\\Users\\titarenkoeia\\1120597-what-to-watch-4\\src\\components\\app\\app.jsx": {"path":"C:\\Users\\titarenkoeia\\1120597-what-to-watch-4\\src\\components\\app\\app.jsx","statementMap":{"0":{"start":{"line":25,"column":32},"end":{"line":25,"column":75}},"1":{"start":{"line":26,"column":25},"end":{"line":26,"column":46}},"2":{"start":{"line":30,"column":4},"end":{"line":30,"column":17}},"3":{"start":{"line":43,"column":24},"end":{"line":43,"column":34}},"4":{"start":{"line":45,"column":4},"end":{"line":117,"column":6}},"5":{"start":{"line":53,"column":14},"end":{"line":57,"column":17}},"6":{"start":{"line":62,"column":25},"end":{"line":62,"column":48}},"7":{"start":{"line":63,"column":14},"end":{"line":67,"column":17}},"8":{"start":{"line":73,"column":14},"end":{"line":79,"column":19}},"9":{"start":{"line":85,"column":14},"end":{"line":90,"column":15}},"10":{"start":{"line":86,"column":16},"end":{"line":89,"column":19}},"11":{"start":{"line":91,"column":14},"end":{"line":91,"column":38}},"12":{"start":{"line":97,"column":14},"end":{"line":99,"column":17}},"13":{"start":{"line":105,"column":25},"end":{"line":105,"column":48}},"14":{"start":{"line":106,"column":14},"end":{"line":109,"column":17}},"15":{"start":{"line":121,"column":0},"end":{"line":134,"column":2}},"16":{"start":{"line":136,"column":24},"end":{"line":144,"column":2}},"17":{"start":{"line":136,"column":36},"end":{"line":144,"column":1}},"18":{"start":{"line":146,"column":27},"end":{"line":163,"column":2}},"19":{"start":{"line":146,"column":42},"end":{"line":163,"column":1}},"20":{"start":{"line":148,"column":4},"end":{"line":148,"column":67}},"21":{"start":{"line":151,"column":4},"end":{"line":151,"column":68}},"22":{"start":{"line":154,"column":4},"end":{"line":154,"column":44}},"23":{"start":{"line":157,"column":4},"end":{"line":157,"column":56}},"24":{"start":{"line":158,"column":4},"end":{"line":158,"column":64}},"25":{"start":{"line":161,"column":4},"end":{"line":161,"column":63}}},"fnMap":{"0":{"name":"(anonymous_0)","decl":{"start":{"line":29,"column":2},"end":{"line":29,"column":3}},"loc":{"start":{"line":29,"column":21},"end":{"line":31,"column":3}},"line":29},"1":{"name":"(anonymous_1)","decl":{"start":{"line":33,"column":2},"end":{"line":33,"column":3}},"loc":{"start":{"line":33,"column":11},"end":{"line":118,"column":3}},"line":33},"2":{"name":"(anonymous_2)","decl":{"start":{"line":51,"column":20},"end":{"line":51,"column":21}},"loc":{"start":{"line":51,"column":26},"end":{"line":58,"column":13}},"line":51},"3":{"name":"(anonymous_3)","decl":{"start":{"line":61,"column":20},"end":{"line":61,"column":21}},"loc":{"start":{"line":61,"column":33},"end":{"line":68,"column":13}},"line":61},"4":{"name":"(anonymous_4)","decl":{"start":{"line":71,"column":20},"end":{"line":71,"column":21}},"loc":{"start":{"line":71,"column":26},"end":{"line":80,"column":13}},"line":71},"5":{"name":"(anonymous_5)","decl":{"start":{"line":84,"column":20},"end":{"line":84,"column":21}},"loc":{"start":{"line":84,"column":26},"end":{"line":92,"column":13}},"line":84},"6":{"name":"(anonymous_6)","decl":{"start":{"line":96,"column":20},"end":{"line":96,"column":21}},"loc":{"start":{"line":96,"column":26},"end":{"line":100,"column":13}},"line":96},"7":{"name":"(anonymous_7)","decl":{"start":{"line":104,"column":20},"end":{"line":104,"column":21}},"loc":{"start":{"line":104,"column":33},"end":{"line":110,"column":13}},"line":104},"8":{"name":"(anonymous_8)","decl":{"start":{"line":136,"column":24},"end":{"line":136,"column":25}},"loc":{"start":{"line":136,"column":36},"end":{"line":144,"column":1}},"line":136},"9":{"name":"(anonymous_9)","decl":{"start":{"line":146,"column":27},"end":{"line":146,"column":28}},"loc":{"start":{"line":146,"column":42},"end":{"line":163,"column":1}},"line":146},"10":{"name":"(anonymous_10)","decl":{"start":{"line":147,"column":2},"end":{"line":147,"column":3}},"loc":{"start":{"line":147,"column":22},"end":{"line":149,"column":3}},"line":147},"11":{"name":"(anonymous_11)","decl":{"start":{"line":150,"column":2},"end":{"line":150,"column":3}},"loc":{"start":{"line":150,"column":22},"end":{"line":152,"column":3}},"line":150},"12":{"name":"(anonymous_12)","decl":{"start":{"line":153,"column":2},"end":{"line":153,"column":3}},"loc":{"start":{"line":153,"column":18},"end":{"line":155,"column":3}},"line":153},"13":{"name":"(anonymous_13)","decl":{"start":{"line":156,"column":2},"end":{"line":156,"column":3}},"loc":{"start":{"line":156,"column":32},"end":{"line":159,"column":3}},"line":156},"14":{"name":"(anonymous_14)","decl":{"start":{"line":160,"column":2},"end":{"line":160,"column":3}},"loc":{"start":{"line":160,"column":38},"end":{"line":162,"column":3}},"line":160}},"branchMap":{"0":{"loc":{"start":{"line":73,"column":21},"end":{"line":79,"column":18}},"type":"cond-expr","locations":[{"start":{"line":74,"column":16},"end":{"line":76,"column":18}},{"start":{"line":77,"column":16},"end":{"line":79,"column":18}}],"line":73},"1":{"loc":{"start":{"line":85,"column":14},"end":{"line":90,"column":15}},"type":"if","locations":[{"start":{"line":85,"column":14},"end":{"line":90,"column":15}},{"start":{"line":85,"column":14},"end":{"line":90,"column":15}}],"line":85},"2":{"loc":{"start":{"line":87,"column":31},"end":{"line":87,"column":69}},"type":"cond-expr","locations":[{"start":{"line":87,"column":45},"end":{"line":87,"column":56}},{"start":{"line":87,"column":59},"end":{"line":87,"column":69}}],"line":87}},"s":{"0":1,"1":1,"2":1,"3":1,"4":1,"5":1,"6":0,"7":0,"8":0,"9":0,"10":0,"11":0,"12":0,"13":0,"14":0,"15":1,"16":1,"17":1,"18":1,"19":1,"20":0,"21":0,"22":0,"23":0,"24":0,"25":0},"f":{"0":1,"1":1,"2":1,"3":0,"4":0,"5":0,"6":0,"7":0,"8":1,"9":1,"10":0,"11":0,"12":0,"13":0,"14":0},"b":{"0":[0,0],"1":[0,0],"2":[0,0]},"_coverageSchema":"1a1c01bbd47fc00a2c39e90264f33305004495a9","hash":"096b548576dc916fd7459df365b49c1d8377911e"}
,"C:\\Users\\titarenkoeia\\1120597-what-to-watch-4\\src\\components\\error-screen\\error-screen.jsx": {"path":"C:\\Users\\titarenkoeia\\1120597-what-to-watch-4\\src\\components\\error-screen\\error-screen.jsx","statementMap":{"0":{"start":{"line":3,"column":20},"end":{"line":39,"column":1}},"1":{"start":{"line":4,"column":2},"end":{"line":38,"column":4}}},"fnMap":{"0":{"name":"(anonymous_0)","decl":{"start":{"line":3,"column":20},"end":{"line":3,"column":21}},"loc":{"start":{"line":3,"column":26},"end":{"line":39,"column":1}},"line":3}},"branchMap":{},"s":{"0":5,"1":2},"f":{"0":2},"b":{},"_coverageSchema":"1a1c01bbd47fc00a2c39e90264f33305004495a9","hash":"794adf1d88562f69f124941eb41258962d8a851e"}
,"C:\\Users\\titarenkoeia\\1120597-what-to-watch-4\\src\\components\\genres-list\\genres-list.jsx": {"path":"C:\\Users\\titarenkoeia\\1120597-what-to-watch-4\\src\\components\\genres-list\\genres-list.jsx","statementMap":{"0":{"start":{"line":4,"column":19},"end":{"line":25,"column":1}},"1":{"start":{"line":6,"column":2},"end":{"line":24,"column":4}},"2":{"start":{"line":9,"column":8},"end":{"line":21,"column":10}},"3":{"start":{"line":16,"column":16},"end":{"line":16,"column":37}},"4":{"start":{"line":17,"column":16},"end":{"line":17,"column":39}},"5":{"start":{"line":27,"column":0},"end":{"line":31,"column":2}}},"fnMap":{"0":{"name":"(anonymous_0)","decl":{"start":{"line":4,"column":19},"end":{"line":4,"column":20}},"loc":{"start":{"line":4,"column":63},"end":{"line":25,"column":1}},"line":4},"1":{"name":"(anonymous_1)","decl":{"start":{"line":8,"column":18},"end":{"line":8,"column":19}},"loc":{"start":{"line":8,"column":36},"end":{"line":22,"column":7}},"line":8},"2":{"name":"(anonymous_2)","decl":{"start":{"line":15,"column":23},"end":{"line":15,"column":24}},"loc":{"start":{"line":15,"column":32},"end":{"line":18,"column":15}},"line":15}},"branchMap":{"0":{"loc":{"start":{"line":11,"column":47},"end":{"line":11,"column":106}},"type":"cond-expr","locations":[{"start":{"line":11,"column":71},"end":{"line":11,"column":101}},{"start":{"line":11,"column":104},"end":{"line":11,"column":106}}],"line":11}},"s":{"0":3,"1":3,"2":8,"3":0,"4":0,"5":3},"f":{"0":3,"1":8,"2":0},"b":{"0":[3,5]},"_coverageSchema":"1a1c01bbd47fc00a2c39e90264f33305004495a9","hash":"22eaca6ff52902df19aa80b660761e2b3c1d39e3"}
,"C:\\Users\\titarenkoeia\\1120597-what-to-watch-4\\src\\components\\main\\main.jsx": {"path":"C:\\Users\\titarenkoeia\\1120597-what-to-watch-4\\src\\components\\main\\main.jsx","statementMap":{"0":{"start":{"line":19,"column":25},"end":{"line":19,"column":46}},"1":{"start":{"line":21,"column":13},"end":{"line":108,"column":1}},"2":{"start":{"line":36,"column":6},"end":{"line":36,"column":11}},"3":{"start":{"line":38,"column":25},"end":{"line":38,"column":81}},"4":{"start":{"line":39,"column":22},"end":{"line":39,"column":63}},"5":{"start":{"line":41,"column":2},"end":{"line":47,"column":3}},"6":{"start":{"line":42,"column":4},"end":{"line":46,"column":7}},"7":{"start":{"line":49,"column":2},"end":{"line":107,"column":4}},"8":{"start":{"line":109,"column":0},"end":{"line":128,"column":2}},"9":{"start":{"line":129,"column":24},"end":{"line":139,"column":1}},"10":{"start":{"line":130,"column":2},"end":{"line":138,"column":4}},"11":{"start":{"line":140,"column":27},"end":{"line":150,"column":2}},"12":{"start":{"line":140,"column":42},"end":{"line":150,"column":1}},"13":{"start":{"line":142,"column":4},"end":{"line":142,"column":58}},"14":{"start":{"line":145,"column":4},"end":{"line":145,"column":53}},"15":{"start":{"line":148,"column":4},"end":{"line":148,"column":56}}},"fnMap":{"0":{"name":"(anonymous_0)","decl":{"start":{"line":21,"column":13},"end":{"line":21,"column":14}},"loc":{"start":{"line":21,"column":24},"end":{"line":108,"column":1}},"line":21},"1":{"name":"(anonymous_1)","decl":{"start":{"line":129,"column":24},"end":{"line":129,"column":25}},"loc":{"start":{"line":129,"column":35},"end":{"line":139,"column":1}},"line":129},"2":{"name":"(anonymous_2)","decl":{"start":{"line":140,"column":27},"end":{"line":140,"column":28}},"loc":{"start":{"line":140,"column":42},"end":{"line":150,"column":1}},"line":140},"3":{"name":"(anonymous_3)","decl":{"start":{"line":141,"column":2},"end":{"line":141,"column":3}},"loc":{"start":{"line":141,"column":25},"end":{"line":143,"column":3}},"line":141},"4":{"name":"(anonymous_4)","decl":{"start":{"line":144,"column":2},"end":{"line":144,"column":3}},"loc":{"start":{"line":144,"column":26},"end":{"line":146,"column":3}},"line":144},"5":{"name":"(anonymous_5)","decl":{"start":{"line":147,"column":2},"end":{"line":147,"column":3}},"loc":{"start":{"line":147,"column":34},"end":{"line":149,"column":3}},"line":147}},"branchMap":{"0":{"loc":{"start":{"line":41,"column":2},"end":{"line":47,"column":3}},"type":"if","locations":[{"start":{"line":41,"column":2},"end":{"line":47,"column":3}},{"start":{"line":41,"column":2},"end":{"line":47,"column":3}}],"line":41},"1":{"loc":{"start":{"line":74,"column":29},"end":{"line":74,"column":67}},"type":"cond-expr","locations":[{"start":{"line":74,"column":43},"end":{"line":74,"column":54}},{"start":{"line":74,"column":57},"end":{"line":74,"column":67}}],"line":74},"2":{"loc":{"start":{"line":97,"column":11},"end":{"line":100,"column":14}},"type":"binary-expr","locations":[{"start":{"line":97,"column":11},"end":{"line":97,"column":45}},{"start":{"line":97,"column":49},"end":{"line":97,"column":91}},{"start":{"line":98,"column":12},"end":{"line":100,"column":14}}],"line":97}},"s":{"0":2,"1":2,"2":2,"3":2,"4":2,"5":2,"6":0,"7":2,"8":2,"9":2,"10":2,"11":2,"12":2,"13":0,"14":0,"15":0},"f":{"0":2,"1":2,"2":2,"3":0,"4":0,"5":0},"b":{"0":[0,2],"1":[2,0],"2":[2,2,0]},"_coverageSchema":"1a1c01bbd47fc00a2c39e90264f33305004495a9","hash":"54ebc65da34f968d93315f42280f7f0b724baa21"}
,"C:\\Users\\titarenkoeia\\1120597-what-to-watch-4\\src\\components\\movie-card-buttons\\movie-card-buttons.jsx": {"path":"C:\\Users\\titarenkoeia\\1120597-what-to-watch-4\\src\\components\\movie-card-buttons\\movie-card-buttons.jsx","statementMap":{"0":{"start":{"line":12,"column":25},"end":{"line":81,"column":1}},"1":{"start":{"line":13,"column":37},"end":{"line":18,"column":3}},"2":{"start":{"line":14,"column":4},"end":{"line":17,"column":35}},"3":{"start":{"line":20,"column":37},"end":{"line":25,"column":3}},"4":{"start":{"line":21,"column":4},"end":{"line":24,"column":35}},"5":{"start":{"line":29,"column":4},"end":{"line":38,"column":13}},"6":{"start":{"line":32,"column":21},"end":{"line":32,"column":53}},"7":{"start":{"line":42,"column":4},"end":{"line":51,"column":13}},"8":{"start":{"line":45,"column":21},"end":{"line":45,"column":54}},"9":{"start":{"line":54,"column":2},"end":{"line":80,"column":4}},"10":{"start":{"line":59,"column":10},"end":{"line":59,"column":30}},"11":{"start":{"line":60,"column":10},"end":{"line":60,"column":78}},"12":{"start":{"line":74,"column":10},"end":{"line":74,"column":31}},"13":{"start":{"line":75,"column":10},"end":{"line":75,"column":39}},"14":{"start":{"line":76,"column":10},"end":{"line":76,"column":69}},"15":{"start":{"line":83,"column":0},"end":{"line":89,"column":2}},"16":{"start":{"line":91,"column":24},"end":{"line":93,"column":2}},"17":{"start":{"line":91,"column":36},"end":{"line":93,"column":1}},"18":{"start":{"line":95,"column":27},"end":{"line":102,"column":2}},"19":{"start":{"line":95,"column":42},"end":{"line":102,"column":1}},"20":{"start":{"line":97,"column":4},"end":{"line":97,"column":56}},"21":{"start":{"line":100,"column":4},"end":{"line":100,"column":52}}},"fnMap":{"0":{"name":"(anonymous_0)","decl":{"start":{"line":12,"column":25},"end":{"line":12,"column":26}},"loc":{"start":{"line":12,"column":125},"end":{"line":81,"column":1}},"line":12},"1":{"name":"(anonymous_1)","decl":{"start":{"line":13,"column":37},"end":{"line":13,"column":38}},"loc":{"start":{"line":13,"column":43},"end":{"line":18,"column":3}},"line":13},"2":{"name":"(anonymous_2)","decl":{"start":{"line":20,"column":37},"end":{"line":20,"column":38}},"loc":{"start":{"line":20,"column":43},"end":{"line":25,"column":3}},"line":20},"3":{"name":"(anonymous_3)","decl":{"start":{"line":32,"column":15},"end":{"line":32,"column":16}},"loc":{"start":{"line":32,"column":21},"end":{"line":32,"column":53}},"line":32},"4":{"name":"(anonymous_4)","decl":{"start":{"line":45,"column":15},"end":{"line":45,"column":16}},"loc":{"start":{"line":45,"column":21},"end":{"line":45,"column":54}},"line":45},"5":{"name":"(anonymous_5)","decl":{"start":{"line":58,"column":17},"end":{"line":58,"column":18}},"loc":{"start":{"line":58,"column":23},"end":{"line":61,"column":9}},"line":58},"6":{"name":"(anonymous_6)","decl":{"start":{"line":73,"column":17},"end":{"line":73,"column":18}},"loc":{"start":{"line":73,"column":26},"end":{"line":77,"column":9}},"line":73},"7":{"name":"(anonymous_7)","decl":{"start":{"line":91,"column":24},"end":{"line":91,"column":25}},"loc":{"start":{"line":91,"column":36},"end":{"line":93,"column":1}},"line":91},"8":{"name":"(anonymous_8)","decl":{"start":{"line":95,"column":27},"end":{"line":95,"column":28}},"loc":{"start":{"line":95,"column":42},"end":{"line":102,"column":1}},"line":95},"9":{"name":"(anonymous_9)","decl":{"start":{"line":96,"column":2},"end":{"line":96,"column":3}},"loc":{"start":{"line":96,"column":31},"end":{"line":98,"column":3}},"line":96},"10":{"name":"(anonymous_10)","decl":{"start":{"line":99,"column":2},"end":{"line":99,"column":3}},"loc":{"start":{"line":99,"column":21},"end":{"line":101,"column":3}},"line":99}},"branchMap":{"0":{"loc":{"start":{"line":14,"column":11},"end":{"line":17,"column":34}},"type":"cond-expr","locations":[{"start":{"line":15,"column":6},"end":{"line":15,"column":40}},{"start":{"line":17,"column":6},"end":{"line":17,"column":34}}],"line":14},"1":{"loc":{"start":{"line":21,"column":11},"end":{"line":24,"column":34}},"type":"cond-expr","locations":[{"start":{"line":22,"column":6},"end":{"line":22,"column":24}},{"start":{"line":24,"column":6},"end":{"line":24,"column":34}}],"line":21},"2":{"loc":{"start":{"line":60,"column":45},"end":{"line":60,"column":74}},"type":"binary-expr","locations":[{"start":{"line":60,"column":45},"end":{"line":60,"column":56}},{"start":{"line":60,"column":60},"end":{"line":60,"column":74}}],"line":60},"3":{"loc":{"start":{"line":62,"column":34},"end":{"line":62,"column":63}},"type":"binary-expr","locations":[{"start":{"line":62,"column":34},"end":{"line":62,"column":45}},{"start":{"line":62,"column":49},"end":{"line":62,"column":63}}],"line":62},"4":{"loc":{"start":{"line":69,"column":7},"end":{"line":69,"column":62}},"type":"cond-expr","locations":[{"start":{"line":69,"column":32},"end":{"line":69,"column":48}},{"start":{"line":69,"column":51},"end":{"line":69,"column":62}}],"line":69}},"s":{"0":4,"1":4,"2":0,"3":4,"4":0,"5":4,"6":0,"7":4,"8":0,"9":4,"10":0,"11":0,"12":0,"13":0,"14":0,"15":4,"16":4,"17":3,"18":4,"19":3,"20":0,"21":0},"f":{"0":4,"1":0,"2":0,"3":0,"4":0,"5":0,"6":0,"7":3,"8":3,"9":0,"10":0},"b":{"0":[0,0],"1":[0,0],"2":[0,0],"3":[4,4],"4":[0,4]},"_coverageSchema":"1a1c01bbd47fc00a2c39e90264f33305004495a9","hash":"54f13689b708a0fe4cd32b04828d2fc19981e8ba"}
,"C:\\Users\\titarenkoeia\\1120597-what-to-watch-4\\src\\components\\movie-details\\movie-details.jsx": {"path":"C:\\Users\\titarenkoeia\\1120597-what-to-watch-4\\src\\components\\movie-details\\movie-details.jsx","statementMap":{"0":{"start":{"line":4,"column":21},"end":{"line":44,"column":1}},"1":{"start":{"line":5,"column":2},"end":{"line":43,"column":4}},"2":{"start":{"line":17,"column":14},"end":{"line":21,"column":16}},"3":{"start":{"line":46,"column":0},"end":{"line":59,"column":2}}},"fnMap":{"0":{"name":"(anonymous_0)","decl":{"start":{"line":4,"column":21},"end":{"line":4,"column":22}},"loc":{"start":{"line":4,"column":34},"end":{"line":44,"column":1}},"line":4},"1":{"name":"(anonymous_1)","decl":{"start":{"line":16,"column":32},"end":{"line":16,"column":33}},"loc":{"start":{"line":16,"column":43},"end":{"line":22,"column":13}},"line":16}},"branchMap":{},"s":{"0":4,"1":1,"2":12,"3":4},"f":{"0":1,"1":12},"b":{},"_coverageSchema":"1a1c01bbd47fc00a2c39e90264f33305004495a9","hash":"07786a3293a434a35e77b1150e3ad8571230460e"}
,"C:\\Users\\titarenkoeia\\1120597-what-to-watch-4\\src\\components\\movie-overview\\movie-overview.jsx": {"path":"C:\\Users\\titarenkoeia\\1120597-what-to-watch-4\\src\\components\\movie-overview\\movie-overview.jsx","statementMap":{"0":{"start":{"line":5,"column":22},"end":{"line":26,"column":1}},"1":{"start":{"line":6,"column":2},"end":{"line":25,"column":4}},"2":{"start":{"line":28,"column":0},"end":{"line":30,"column":2}}},"fnMap":{"0":{"name":"(anonymous_0)","decl":{"start":{"line":5,"column":22},"end":{"line":5,"column":23}},"loc":{"start":{"line":5,"column":35},"end":{"line":26,"column":1}},"line":5}},"branchMap":{},"s":{"0":4,"1":3,"2":4},"f":{"0":3},"b":{},"_coverageSchema":"1a1c01bbd47fc00a2c39e90264f33305004495a9","hash":"40b682e1ac58a147ce706d30cbda692856ad5390"}
,"C:\\Users\\titarenkoeia\\1120597-what-to-watch-4\\src\\components\\movie-page\\movie-page.jsx": {"path":"C:\\Users\\titarenkoeia\\1120597-what-to-watch-4\\src\\components\\movie-page\\movie-page.jsx","statementMap":{"0":{"start":{"line":20,"column":20},"end":{"line":20,"column":39}},"1":{"start":{"line":21,"column":25},"end":{"line":21,"column":46}},"2":{"start":{"line":24,"column":18},"end":{"line":105,"column":1}},"3":{"start":{"line":34,"column":22},"end":{"line":34,"column":61}},"4":{"start":{"line":34,"column":45},"end":{"line":34,"column":60}},"5":{"start":{"line":35,"column":24},"end":{"line":35,"column":61}},"6":{"start":{"line":37,"column":2},"end":{"line":39,"column":3}},"7":{"start":{"line":38,"column":4},"end":{"line":38,"column":26}},"8":{"start":{"line":41,"column":2},"end":{"line":49,"column":3}},"9":{"start":{"line":42,"column":4},"end":{"line":48,"column":6}},"10":{"start":{"line":51,"column":2},"end":{"line":104,"column":4}},"11":{"start":{"line":106,"column":0},"end":{"line":128,"column":2}},"12":{"start":{"line":129,"column":24},"end":{"line":134,"column":2}},"13":{"start":{"line":129,"column":36},"end":{"line":134,"column":1}},"14":{"start":{"line":135,"column":27},"end":{"line":143,"column":2}},"15":{"start":{"line":135,"column":42},"end":{"line":143,"column":1}},"16":{"start":{"line":137,"column":4},"end":{"line":137,"column":56}},"17":{"start":{"line":138,"column":4},"end":{"line":138,"column":64}},"18":{"start":{"line":141,"column":4},"end":{"line":141,"column":56}}},"fnMap":{"0":{"name":"(anonymous_0)","decl":{"start":{"line":24,"column":18},"end":{"line":24,"column":19}},"loc":{"start":{"line":32,"column":22},"end":{"line":105,"column":1}},"line":32},"1":{"name":"(anonymous_1)","decl":{"start":{"line":34,"column":34},"end":{"line":34,"column":35}},"loc":{"start":{"line":34,"column":45},"end":{"line":34,"column":60}},"line":34},"2":{"name":"(anonymous_2)","decl":{"start":{"line":129,"column":24},"end":{"line":129,"column":25}},"loc":{"start":{"line":129,"column":36},"end":{"line":134,"column":1}},"line":129},"3":{"name":"(anonymous_3)","decl":{"start":{"line":135,"column":27},"end":{"line":135,"column":28}},"loc":{"start":{"line":135,"column":42},"end":{"line":143,"column":1}},"line":135},"4":{"name":"(anonymous_4)","decl":{"start":{"line":136,"column":2},"end":{"line":136,"column":3}},"loc":{"start":{"line":136,"column":32},"end":{"line":139,"column":3}},"line":136},"5":{"name":"(anonymous_5)","decl":{"start":{"line":140,"column":2},"end":{"line":140,"column":3}},"loc":{"start":{"line":140,"column":34},"end":{"line":142,"column":3}},"line":140}},"branchMap":{"0":{"loc":{"start":{"line":37,"column":2},"end":{"line":39,"column":3}},"type":"if","locations":[{"start":{"line":37,"column":2},"end":{"line":39,"column":3}},{"start":{"line":37,"column":2},"end":{"line":39,"column":3}}],"line":37},"1":{"loc":{"start":{"line":41,"column":2},"end":{"line":49,"column":3}},"type":"if","locations":[{"start":{"line":41,"column":2},"end":{"line":49,"column":3}},{"start":{"line":41,"column":2},"end":{"line":49,"column":3}}],"line":41}},"s":{"0":2,"1":2,"2":2,"3":1,"4":1,"5":1,"6":1,"7":0,"8":1,"9":0,"10":1,"11":2,"12":2,"13":1,"14":2,"15":1,"16":0,"17":0,"18":0},"f":{"0":1,"1":1,"2":1,"3":1,"4":0,"5":0},"b":{"0":[0,1],"1":[0,1]},"_coverageSchema":"1a1c01bbd47fc00a2c39e90264f33305004495a9","hash":"785e4212c3780af4ee402d9f9da7b0694143d095"}
,"C:\\Users\\titarenkoeia\\1120597-what-to-watch-4\\src\\components\\movie-reviews\\movie-reviews.jsx": {"path":"C:\\Users\\titarenkoeia\\1120597-what-to-watch-4\\src\\components\\movie-reviews\\movie-reviews.jsx","statementMap":{"0":{"start":{"line":5,"column":27},"end":{"line":18,"column":1}},"1":{"start":{"line":6,"column":2},"end":{"line":17,"column":8}},"2":{"start":{"line":20,"column":21},"end":{"line":37,"column":1}},"3":{"start":{"line":21,"column":22},"end":{"line":21,"column":40}},"4":{"start":{"line":22,"column":22},"end":{"line":22,"column":51}},"5":{"start":{"line":23,"column":23},"end":{"line":23,"column":49}},"6":{"start":{"line":25,"column":24},"end":{"line":25,"column":78}},"7":{"start":{"line":25,"column":42},"end":{"line":25,"column":78}},"8":{"start":{"line":27,"column":2},"end":{"line":36,"column":4}},"9":{"start":{"line":39,"column":0},"end":{"line":49,"column":2}}},"fnMap":{"0":{"name":"(anonymous_0)","decl":{"start":{"line":5,"column":27},"end":{"line":5,"column":28}},"loc":{"start":{"line":6,"column":2},"end":{"line":17,"column":8}},"line":6},"1":{"name":"(anonymous_1)","decl":{"start":{"line":20,"column":21},"end":{"line":20,"column":22}},"loc":{"start":{"line":20,"column":36},"end":{"line":37,"column":1}},"line":20},"2":{"name":"(anonymous_2)","decl":{"start":{"line":25,"column":24},"end":{"line":25,"column":25}},"loc":{"start":{"line":25,"column":42},"end":{"line":25,"column":78}},"line":25}},"branchMap":{},"s":{"0":4,"1":2,"2":4,"3":1,"4":1,"5":1,"6":1,"7":2,"8":1,"9":4},"f":{"0":2,"1":1,"2":2},"b":{},"_coverageSchema":"1a1c01bbd47fc00a2c39e90264f33305004495a9","hash":"3c115f4f7cac9dd4c6001df5a8d62314318913df"}
,"C:\\Users\\titarenkoeia\\1120597-what-to-watch-4\\src\\components\\movie-videoplayer\\movie-videoplayer.jsx": {"path":"C:\\Users\\titarenkoeia\\1120597-what-to-watch-4\\src\\components\\movie-videoplayer\\movie-videoplayer.jsx","statementMap":{"0":{"start":{"line":6,"column":25},"end":{"line":67,"column":1}},"1":{"start":{"line":16,"column":6},"end":{"line":16,"column":11}},"2":{"start":{"line":18,"column":22},"end":{"line":18,"column":57}},"3":{"start":{"line":20,"column":2},"end":{"line":22,"column":3}},"4":{"start":{"line":21,"column":4},"end":{"line":21,"column":26}},"5":{"start":{"line":24,"column":2},"end":{"line":66,"column":4}},"6":{"start":{"line":69,"column":0},"end":{"line":83,"column":2}}},"fnMap":{"0":{"name":"(anonymous_0)","decl":{"start":{"line":6,"column":25},"end":{"line":6,"column":26}},"loc":{"start":{"line":6,"column":36},"end":{"line":67,"column":1}},"line":6}},"branchMap":{"0":{"loc":{"start":{"line":20,"column":2},"end":{"line":22,"column":3}},"type":"if","locations":[{"start":{"line":20,"column":2},"end":{"line":22,"column":3}},{"start":{"line":20,"column":2},"end":{"line":22,"column":3}}],"line":20},"1":{"loc":{"start":{"line":40,"column":13},"end":{"line":53,"column":17}},"type":"cond-expr","locations":[{"start":{"line":41,"column":14},"end":{"line":46,"column":17}},{"start":{"line":48,"column":14},"end":{"line":53,"column":17}}],"line":40}},"s":{"0":2,"1":1,"2":1,"3":1,"4":0,"5":1,"6":2},"f":{"0":1},"b":{"0":[0,1],"1":[0,1]},"_coverageSchema":"1a1c01bbd47fc00a2c39e90264f33305004495a9","hash":"aa64b775734d99f6b1ee0ee0261c17583d68ffe9"}
,"C:\\Users\\titarenkoeia\\1120597-what-to-watch-4\\src\\components\\movies-list\\movies-list.jsx": {"path":"C:\\Users\\titarenkoeia\\1120597-what-to-watch-4\\src\\components\\movies-list\\movies-list.jsx","statementMap":{"0":{"start":{"line":6,"column":30},"end":{"line":6,"column":55}},"1":{"start":{"line":8,"column":19},"end":{"line":20,"column":1}},"2":{"start":{"line":9,"column":2},"end":{"line":19,"column":4}},"3":{"start":{"line":12,"column":8},"end":{"line":16,"column":10}},"4":{"start":{"line":22,"column":0},"end":{"line":31,"column":2}}},"fnMap":{"0":{"name":"(anonymous_0)","decl":{"start":{"line":8,"column":19},"end":{"line":8,"column":20}},"loc":{"start":{"line":8,"column":51},"end":{"line":20,"column":1}},"line":8},"1":{"name":"(anonymous_1)","decl":{"start":{"line":11,"column":18},"end":{"line":11,"column":19}},"loc":{"start":{"line":12,"column":8},"end":{"line":16,"column":10}},"line":12}},"branchMap":{},"s":{"0":6,"1":6,"2":5,"3":15,"4":6},"f":{"0":5,"1":15},"b":{},"_coverageSchema":"1a1c01bbd47fc00a2c39e90264f33305004495a9","hash":"04aec2100beae3708032be83b93281573fdc9b45"}
,"C:\\Users\\titarenkoeia\\1120597-what-to-watch-4\\src\\components\\my-list\\my-list.jsx": {"path":"C:\\Users\\titarenkoeia\\1120597-what-to-watch-4\\src\\components\\my-list\\my-list.jsx","statementMap":{"0":{"start":{"line":14,"column":4},"end":{"line":14,"column":17}},"1":{"start":{"line":18,"column":33},"end":{"line":18,"column":43}},"2":{"start":{"line":19,"column":4},"end":{"line":19,"column":25}},"3":{"start":{"line":23,"column":87},"end":{"line":23,"column":97}},"4":{"start":{"line":25,"column":4},"end":{"line":27,"column":5}},"5":{"start":{"line":26,"column":6},"end":{"line":26,"column":29}},"6":{"start":{"line":29,"column":4},"end":{"line":47,"column":6}},"7":{"start":{"line":51,"column":0},"end":{"line":62,"column":2}},"8":{"start":{"line":64,"column":24},"end":{"line":68,"column":2}},"9":{"start":{"line":64,"column":36},"end":{"line":68,"column":1}},"10":{"start":{"line":70,"column":27},"end":{"line":74,"column":2}},"11":{"start":{"line":70,"column":42},"end":{"line":74,"column":1}},"12":{"start":{"line":72,"column":4},"end":{"line":72,"column":49}}},"fnMap":{"0":{"name":"(anonymous_0)","decl":{"start":{"line":13,"column":2},"end":{"line":13,"column":3}},"loc":{"start":{"line":13,"column":21},"end":{"line":15,"column":3}},"line":13},"1":{"name":"(anonymous_1)","decl":{"start":{"line":17,"column":2},"end":{"line":17,"column":3}},"loc":{"start":{"line":17,"column":22},"end":{"line":20,"column":3}},"line":17},"2":{"name":"(anonymous_2)","decl":{"start":{"line":22,"column":2},"end":{"line":22,"column":3}},"loc":{"start":{"line":22,"column":11},"end":{"line":48,"column":3}},"line":22},"3":{"name":"(anonymous_3)","decl":{"start":{"line":64,"column":24},"end":{"line":64,"column":25}},"loc":{"start":{"line":64,"column":36},"end":{"line":68,"column":1}},"line":64},"4":{"name":"(anonymous_4)","decl":{"start":{"line":70,"column":27},"end":{"line":70,"column":28}},"loc":{"start":{"line":70,"column":42},"end":{"line":74,"column":1}},"line":70},"5":{"name":"(anonymous_5)","decl":{"start":{"line":71,"column":2},"end":{"line":71,"column":3}},"loc":{"start":{"line":71,"column":23},"end":{"line":73,"column":3}},"line":71}},"branchMap":{"0":{"loc":{"start":{"line":25,"column":4},"end":{"line":27,"column":5}},"type":"if","locations":[{"start":{"line":25,"column":4},"end":{"line":27,"column":5}},{"start":{"line":25,"column":4},"end":{"line":27,"column":5}}],"line":25}},"s":{"0":1,"1":1,"2":1,"3":1,"4":1,"5":1,"6":0,"7":2,"8":2,"9":0,"10":2,"11":0,"12":0},"f":{"0":1,"1":1,"2":1,"3":0,"4":0,"5":0},"b":{"0":[1,0]},"_coverageSchema":"1a1c01bbd47fc00a2c39e90264f33305004495a9","hash":"5edefc23c7d4c27a9b1dd1ac18c56f00136a43b8"}
,"C:\\Users\\titarenkoeia\\1120597-what-to-watch-4\\src\\components\\page-footer\\page-footer.jsx": {"path":"C:\\Users\\titarenkoeia\\1120597-what-to-watch-4\\src\\components\\page-footer\\page-footer.jsx","statementMap":{"0":{"start":{"line":6,"column":19},"end":{"line":27,"column":1}},"1":{"start":{"line":7,"column":22},"end":{"line":7,"column":46}},"2":{"start":{"line":9,"column":2},"end":{"line":26,"column":4}}},"fnMap":{"0":{"name":"(anonymous_0)","decl":{"start":{"line":6,"column":19},"end":{"line":6,"column":20}},"loc":{"start":{"line":6,"column":25},"end":{"line":27,"column":1}},"line":6}},"branchMap":{},"s":{"0":6,"1":5,"2":5},"f":{"0":5},"b":{},"_coverageSchema":"1a1c01bbd47fc00a2c39e90264f33305004495a9","hash":"7d08f717eccf2065802c1d30dcbcadf962be9740"}
,"C:\\Users\\titarenkoeia\\1120597-what-to-watch-4\\src\\components\\page-header\\page-header.jsx": {"path":"C:\\Users\\titarenkoeia\\1120597-what-to-watch-4\\src\\components\\page-header\\page-header.jsx","statementMap":{"0":{"start":{"line":10,"column":19},"end":{"line":42,"column":1}},"1":{"start":{"line":12,"column":2},"end":{"line":41,"column":4}},"2":{"start":{"line":44,"column":0},"end":{"line":53,"column":2}},"3":{"start":{"line":55,"column":24},"end":{"line":58,"column":2}},"4":{"start":{"line":55,"column":36},"end":{"line":58,"column":1}}},"fnMap":{"0":{"name":"(anonymous_0)","decl":{"start":{"line":10,"column":19},"end":{"line":10,"column":20}},"loc":{"start":{"line":10,"column":75},"end":{"line":42,"column":1}},"line":10},"1":{"name":"(anonymous_1)","decl":{"start":{"line":55,"column":24},"end":{"line":55,"column":25}},"loc":{"start":{"line":55,"column":36},"end":{"line":58,"column":1}},"line":55}},"branchMap":{"0":{"loc":{"start":{"line":25,"column":9},"end":{"line":36,"column":17}},"type":"cond-expr","locations":[{"start":{"line":26,"column":10},"end":{"line":30,"column":17}},{"start":{"line":32,"column":10},"end":{"line":36,"column":17}}],"line":25}},"s":{"0":7,"1":6,"2":7,"3":7,"4":5},"f":{"0":6,"1":5},"b":{"0":[1,5]},"_coverageSchema":"1a1c01bbd47fc00a2c39e90264f33305004495a9","hash":"7cd45becb8fc7b80656830de862a9a2e1362480b"}
,"C:\\Users\\titarenkoeia\\1120597-what-to-watch-4\\src\\components\\private-route\\private-route.jsx": {"path":"C:\\Users\\titarenkoeia\\1120597-what-to-watch-4\\src\\components\\private-route\\private-route.jsx","statementMap":{"0":{"start":{"line":9,"column":21},"end":{"line":25,"column":1}},"1":{"start":{"line":10,"column":53},"end":{"line":10,"column":58}},"2":{"start":{"line":12,"column":2},"end":{"line":24,"column":4}},"3":{"start":{"line":17,"column":8},"end":{"line":21,"column":10}},"4":{"start":{"line":27,"column":0},"end":{"line":32,"column":2}},"5":{"start":{"line":34,"column":24},"end":{"line":36,"column":2}},"6":{"start":{"line":34,"column":36},"end":{"line":36,"column":1}}},"fnMap":{"0":{"name":"(anonymous_0)","decl":{"start":{"line":9,"column":21},"end":{"line":9,"column":22}},"loc":{"start":{"line":9,"column":32},"end":{"line":25,"column":1}},"line":9},"1":{"name":"(anonymous_1)","decl":{"start":{"line":16,"column":14},"end":{"line":16,"column":15}},"loc":{"start":{"line":16,"column":30},"end":{"line":22,"column":7}},"line":16},"2":{"name":"(anonymous_2)","decl":{"start":{"line":34,"column":24},"end":{"line":34,"column":25}},"loc":{"start":{"line":34,"column":36},"end":{"line":36,"column":1}},"line":34}},"branchMap":{"0":{"loc":{"start":{"line":18,"column":10},"end":{"line":20,"column":46}},"type":"cond-expr","locations":[{"start":{"line":19,"column":14},"end":{"line":19,"column":32}},{"start":{"line":20,"column":14},"end":{"line":20,"column":46}}],"line":18}},"s":{"0":1,"1":0,"2":0,"3":0,"4":1,"5":1,"6":0},"f":{"0":0,"1":0,"2":0},"b":{"0":[0,0]},"_coverageSchema":"1a1c01bbd47fc00a2c39e90264f33305004495a9","hash":"489f3b697aaa8a9df01160c57597d61b53b00b76"}
,"C:\\Users\\titarenkoeia\\1120597-what-to-watch-4\\src\\components\\related-movies\\related-movies.jsx": {"path":"C:\\Users\\titarenkoeia\\1120597-what-to-watch-4\\src\\components\\related-movies\\related-movies.jsx","statementMap":{"0":{"start":{"line":5,"column":22},"end":{"line":13,"column":1}},"1":{"start":{"line":7,"column":2},"end":{"line":12,"column":4}},"2":{"start":{"line":15,"column":0},"end":{"line":18,"column":2}}},"fnMap":{"0":{"name":"(anonymous_0)","decl":{"start":{"line":5,"column":22},"end":{"line":5,"column":23}},"loc":{"start":{"line":5,"column":61},"end":{"line":13,"column":1}},"line":5}},"branchMap":{},"s":{"0":3,"1":2,"2":3},"f":{"0":2},"b":{},"_coverageSchema":"1a1c01bbd47fc00a2c39e90264f33305004495a9","hash":"ee6ed0600a7a40bd9fc33c3eab8cc57ff8e424a3"}
,"C:\\Users\\titarenkoeia\\1120597-what-to-watch-4\\src\\components\\show-more-button\\show-more-button.jsx": {"path":"C:\\Users\\titarenkoeia\\1120597-what-to-watch-4\\src\\components\\show-more-button\\show-more-button.jsx","statementMap":{"0":{"start":{"line":4,"column":23},"end":{"line":14,"column":1}},"1":{"start":{"line":5,"column":2},"end":{"line":13,"column":4}},"2":{"start":{"line":16,"column":0},"end":{"line":18,"column":2}}},"fnMap":{"0":{"name":"(anonymous_0)","decl":{"start":{"line":4,"column":23},"end":{"line":4,"column":24}},"loc":{"start":{"line":4,"column":52},"end":{"line":14,"column":1}},"line":4}},"branchMap":{},"s":{"0":3,"1":1,"2":3},"f":{"0":1},"b":{},"_coverageSchema":"1a1c01bbd47fc00a2c39e90264f33305004495a9","hash":"148a04f4da938d2dff91c836609211b92f88437a"}
,"C:\\Users\\titarenkoeia\\1120597-what-to-watch-4\\src\\components\\sign-in\\sign-in.jsx": {"path":"C:\\Users\\titarenkoeia\\1120597-what-to-watch-4\\src\\components\\sign-in\\sign-in.jsx","statementMap":{"0":{"start":{"line":9,"column":4},"end":{"line":9,"column":17}},"1":{"start":{"line":11,"column":4},"end":{"line":11,"column":32}},"2":{"start":{"line":12,"column":4},"end":{"line":12,"column":35}},"3":{"start":{"line":14,"column":4},"end":{"line":14,"column":53}},"4":{"start":{"line":18,"column":23},"end":{"line":18,"column":33}},"5":{"start":{"line":20,"column":4},"end":{"line":20,"column":25}},"6":{"start":{"line":22,"column":21},"end":{"line":25,"column":5}},"7":{"start":{"line":27,"column":4},"end":{"line":27,"column":23}},"8":{"start":{"line":31,"column":4},"end":{"line":59,"column":6}},"9":{"start":{"line":63,"column":0},"end":{"line":65,"column":2}}},"fnMap":{"0":{"name":"(anonymous_0)","decl":{"start":{"line":8,"column":2},"end":{"line":8,"column":3}},"loc":{"start":{"line":8,"column":21},"end":{"line":15,"column":3}},"line":8},"1":{"name":"(anonymous_1)","decl":{"start":{"line":17,"column":2},"end":{"line":17,"column":3}},"loc":{"start":{"line":17,"column":20},"end":{"line":28,"column":3}},"line":17},"2":{"name":"(anonymous_2)","decl":{"start":{"line":30,"column":2},"end":{"line":30,"column":3}},"loc":{"start":{"line":30,"column":11},"end":{"line":60,"column":3}},"line":30}},"branchMap":{},"s":{"0":1,"1":1,"2":1,"3":1,"4":0,"5":0,"6":0,"7":0,"8":1,"9":2},"f":{"0":1,"1":0,"2":1},"b":{},"_coverageSchema":"1a1c01bbd47fc00a2c39e90264f33305004495a9","hash":"cb0be368af1b5856ad22dbac47b39127ac504212"}
,"C:\\Users\\titarenkoeia\\1120597-what-to-watch-4\\src\\components\\small-movie-card\\small-movie-card.jsx": {"path":"C:\\Users\\titarenkoeia\\1120597-what-to-watch-4\\src\\components\\small-movie-card\\small-movie-card.jsx","statementMap":{"0":{"start":{"line":10,"column":4},"end":{"line":10,"column":17}},"1":{"start":{"line":12,"column":4},"end":{"line":12,"column":73}},"2":{"start":{"line":16,"column":38},"end":{"line":16,"column":48}},"3":{"start":{"line":18,"column":4},"end":{"line":18,"column":50}},"4":{"start":{"line":19,"column":4},"end":{"line":19,"column":28}},"5":{"start":{"line":23,"column":74},"end":{"line":23,"column":84}},"6":{"start":{"line":25,"column":4},"end":{"line":50,"column":6}},"7":{"start":{"line":54,"column":0},"end":{"line":65,"column":2}}},"fnMap":{"0":{"name":"(anonymous_0)","decl":{"start":{"line":9,"column":2},"end":{"line":9,"column":3}},"loc":{"start":{"line":9,"column":21},"end":{"line":13,"column":3}},"line":9},"1":{"name":"(anonymous_1)","decl":{"start":{"line":15,"column":2},"end":{"line":15,"column":3}},"loc":{"start":{"line":15,"column":27},"end":{"line":20,"column":3}},"line":15},"2":{"name":"(anonymous_2)","decl":{"start":{"line":22,"column":2},"end":{"line":22,"column":3}},"loc":{"start":{"line":22,"column":11},"end":{"line":51,"column":3}},"line":22}},"branchMap":{},"s":{"0":18,"1":18,"2":1,"3":1,"4":1,"5":18,"6":18,"7":8},"f":{"0":18,"1":1,"2":18},"b":{},"_coverageSchema":"1a1c01bbd47fc00a2c39e90264f33305004495a9","hash":"6087db912c5fe103a87d655a77cc1c605f0ba963"}
,"C:\\Users\\titarenkoeia\\1120597-what-to-watch-4\\src\\components\\tabs\\tabs.jsx": {"path":"C:\\Users\\titarenkoeia\\1120597-what-to-watch-4\\src\\components\\tabs\\tabs.jsx","statementMap":{"0":{"start":{"line":8,"column":24},"end":{"line":19,"column":1}},"1":{"start":{"line":9,"column":2},"end":{"line":18,"column":3}},"2":{"start":{"line":11,"column":6},"end":{"line":11,"column":50}},"3":{"start":{"line":13,"column":6},"end":{"line":13,"column":49}},"4":{"start":{"line":15,"column":6},"end":{"line":15,"column":47}},"5":{"start":{"line":17,"column":6},"end":{"line":17,"column":50}},"6":{"start":{"line":21,"column":13},"end":{"line":52,"column":1}},"7":{"start":{"line":22,"column":18},"end":{"line":22,"column":42}},"8":{"start":{"line":24,"column":2},"end":{"line":51,"column":4}},"9":{"start":{"line":30,"column":12},"end":{"line":44,"column":14}},"10":{"start":{"line":39,"column":20},"end":{"line":39,"column":41}},"11":{"start":{"line":40,"column":20},"end":{"line":40,"column":36}},"12":{"start":{"line":54,"column":0},"end":{"line":73,"column":2}}},"fnMap":{"0":{"name":"(anonymous_0)","decl":{"start":{"line":8,"column":24},"end":{"line":8,"column":25}},"loc":{"start":{"line":8,"column":61},"end":{"line":19,"column":1}},"line":8},"1":{"name":"(anonymous_1)","decl":{"start":{"line":21,"column":13},"end":{"line":21,"column":14}},"loc":{"start":{"line":21,"column":64},"end":{"line":52,"column":1}},"line":21},"2":{"name":"(anonymous_2)","decl":{"start":{"line":28,"column":23},"end":{"line":28,"column":24}},"loc":{"start":{"line":28,"column":39},"end":{"line":45,"column":11}},"line":28},"3":{"name":"(anonymous_3)","decl":{"start":{"line":38,"column":27},"end":{"line":38,"column":28}},"loc":{"start":{"line":38,"column":36},"end":{"line":41,"column":19}},"line":38}},"branchMap":{"0":{"loc":{"start":{"line":9,"column":2},"end":{"line":18,"column":3}},"type":"switch","locations":[{"start":{"line":10,"column":4},"end":{"line":11,"column":50}},{"start":{"line":12,"column":4},"end":{"line":13,"column":49}},{"start":{"line":14,"column":4},"end":{"line":15,"column":47}},{"start":{"line":16,"column":4},"end":{"line":17,"column":50}}],"line":9},"1":{"loc":{"start":{"line":32,"column":46},"end":{"line":32,"column":96}},"type":"cond-expr","locations":[{"start":{"line":32,"column":66},"end":{"line":32,"column":91}},{"start":{"line":32,"column":94},"end":{"line":32,"column":96}}],"line":32}},"s":{"0":3,"1":2,"2":2,"3":0,"4":0,"5":0,"6":3,"7":2,"8":2,"9":6,"10":0,"11":0,"12":3},"f":{"0":2,"1":2,"2":6,"3":0},"b":{"0":[2,0,0,0],"1":[2,4]},"_coverageSchema":"1a1c01bbd47fc00a2c39e90264f33305004495a9","hash":"5db40c67194e56c974c34b026c2a599eef50a92f"}
,"C:\\Users\\titarenkoeia\\1120597-what-to-watch-4\\src\\components\\video-player\\video-player.jsx": {"path":"C:\\Users\\titarenkoeia\\1120597-what-to-watch-4\\src\\components\\video-player\\video-player.jsx","statementMap":{"0":{"start":{"line":6,"column":4},"end":{"line":6,"column":17}},"1":{"start":{"line":8,"column":4},"end":{"line":8,"column":33}},"2":{"start":{"line":12,"column":27},"end":{"line":12,"column":37}},"3":{"start":{"line":13,"column":18},"end":{"line":13,"column":40}},"4":{"start":{"line":15,"column":4},"end":{"line":19,"column":5}},"5":{"start":{"line":16,"column":6},"end":{"line":16,"column":41}},"6":{"start":{"line":17,"column":6},"end":{"line":17,"column":40}},"7":{"start":{"line":18,"column":6},"end":{"line":18,"column":26}},"8":{"start":{"line":23,"column":18},"end":{"line":23,"column":40}},"9":{"start":{"line":25,"column":4},"end":{"line":29,"column":5}},"10":{"start":{"line":26,"column":6},"end":{"line":26,"column":21}},"11":{"start":{"line":27,"column":6},"end":{"line":27,"column":24}},"12":{"start":{"line":28,"column":6},"end":{"line":28,"column":25}},"13":{"start":{"line":30,"column":4},"end":{"line":30,"column":36}},"14":{"start":{"line":34,"column":18},"end":{"line":34,"column":40}},"15":{"start":{"line":36,"column":4},"end":{"line":43,"column":5}},"16":{"start":{"line":37,"column":6},"end":{"line":39,"column":15}},"17":{"start":{"line":38,"column":8},"end":{"line":38,"column":21}},"18":{"start":{"line":41,"column":6},"end":{"line":41,"column":19}},"19":{"start":{"line":42,"column":6},"end":{"line":42,"column":38}},"20":{"start":{"line":47,"column":20},"end":{"line":47,"column":30}},"21":{"start":{"line":49,"column":4},"end":{"line":57,"column":6}},"22":{"start":{"line":61,"column":0},"end":{"line":68,"column":2}}},"fnMap":{"0":{"name":"(anonymous_0)","decl":{"start":{"line":5,"column":2},"end":{"line":5,"column":3}},"loc":{"start":{"line":5,"column":21},"end":{"line":9,"column":3}},"line":5},"1":{"name":"(anonymous_1)","decl":{"start":{"line":11,"column":2},"end":{"line":11,"column":3}},"loc":{"start":{"line":11,"column":22},"end":{"line":20,"column":3}},"line":11},"2":{"name":"(anonymous_2)","decl":{"start":{"line":22,"column":2},"end":{"line":22,"column":3}},"loc":{"start":{"line":22,"column":25},"end":{"line":31,"column":3}},"line":22},"3":{"name":"(anonymous_3)","decl":{"start":{"line":33,"column":2},"end":{"line":33,"column":3}},"loc":{"start":{"line":33,"column":23},"end":{"line":44,"column":3}},"line":33},"4":{"name":"(anonymous_4)","decl":{"start":{"line":37,"column":37},"end":{"line":37,"column":38}},"loc":{"start":{"line":37,"column":43},"end":{"line":39,"column":7}},"line":37},"5":{"name":"(anonymous_5)","decl":{"start":{"line":46,"column":2},"end":{"line":46,"column":3}},"loc":{"start":{"line":46,"column":11},"end":{"line":58,"column":3}},"line":46}},"branchMap":{"0":{"loc":{"start":{"line":15,"column":4},"end":{"line":19,"column":5}},"type":"if","locations":[{"start":{"line":15,"column":4},"end":{"line":19,"column":5}},{"start":{"line":15,"column":4},"end":{"line":19,"column":5}}],"line":15},"1":{"loc":{"start":{"line":25,"column":4},"end":{"line":29,"column":5}},"type":"if","locations":[{"start":{"line":25,"column":4},"end":{"line":29,"column":5}},{"start":{"line":25,"column":4},"end":{"line":29,"column":5}}],"line":25},"2":{"loc":{"start":{"line":36,"column":4},"end":{"line":43,"column":5}},"type":"if","locations":[{"start":{"line":36,"column":4},"end":{"line":43,"column":5}},{"start":{"line":36,"column":4},"end":{"line":43,"column":5}}],"line":36}},"s":{"0":18,"1":18,"2":19,"3":19,"4":19,"5":7,"6":7,"7":7,"8":0,"9":0,"10":0,"11":0,"12":0,"13":0,"14":1,"15":1,"16":1,"17":0,"18":0,"19":0,"20":19,"21":19,"22":10},"f":{"0":18,"1":19,"2":0,"3":1,"4":0,"5":19},"b":{"0":[7,12],"1":[0,0],"2":[1,0]},"_coverageSchema":"1a1c01bbd47fc00a2c39e90264f33305004495a9","hash":"92a475bebd4d357a20342a66caf261fcdd556c96"}
,"C:\\Users\\titarenkoeia\\1120597-what-to-watch-4\\src\\hocs\\with-active-tab\\with-active-tab.js": {"path":"C:\\Users\\titarenkoeia\\1120597-what-to-watch-4\\src\\hocs\\with-active-tab\\with-active-tab.js","statementMap":{"0":{"start":{"line":4,"column":22},"end":{"line":37,"column":1}},"1":{"start":{"line":7,"column":6},"end":{"line":7,"column":19}},"2":{"start":{"line":9,"column":6},"end":{"line":11,"column":8}},"3":{"start":{"line":13,"column":6},"end":{"line":13,"column":67}},"4":{"start":{"line":17,"column":6},"end":{"line":19,"column":9}},"5":{"start":{"line":23,"column":26},"end":{"line":23,"column":36}},"6":{"start":{"line":25,"column":6},"end":{"line":32,"column":8}},"7":{"start":{"line":36,"column":2},"end":{"line":36,"column":23}}},"fnMap":{"0":{"name":"(anonymous_0)","decl":{"start":{"line":4,"column":22},"end":{"line":4,"column":23}},"loc":{"start":{"line":4,"column":37},"end":{"line":37,"column":1}},"line":4},"1":{"name":"(anonymous_1)","decl":{"start":{"line":6,"column":4},"end":{"line":6,"column":5}},"loc":{"start":{"line":6,"column":23},"end":{"line":14,"column":5}},"line":6},"2":{"name":"(anonymous_2)","decl":{"start":{"line":16,"column":4},"end":{"line":16,"column":5}},"loc":{"start":{"line":16,"column":36},"end":{"line":20,"column":5}},"line":16},"3":{"name":"(anonymous_3)","decl":{"start":{"line":22,"column":4},"end":{"line":22,"column":5}},"loc":{"start":{"line":22,"column":13},"end":{"line":33,"column":5}},"line":22}},"branchMap":{},"s":{"0":3,"1":2,"2":2,"3":2,"4":1,"5":3,"6":3,"7":3},"f":{"0":3,"1":2,"2":1,"3":3},"b":{},"_coverageSchema":"1a1c01bbd47fc00a2c39e90264f33305004495a9","hash":"6b73ff23ac1ee46b63a35e2ff1ae24bc6658c196"}
,"C:\\Users\\titarenkoeia\\1120597-what-to-watch-4\\src\\hocs\\with-full-screen-videoplayer\\with-full-screen-videoplayer.js": {"path":"C:\\Users\\titarenkoeia\\1120597-what-to-watch-4\\src\\hocs\\with-full-screen-videoplayer\\with-full-screen-videoplayer.js","statementMap":{"0":{"start":{"line":4,"column":34},"end":{"line":128,"column":1}},"1":{"start":{"line":7,"column":6},"end":{"line":7,"column":19}},"2":{"start":{"line":9,"column":6},"end":{"line":9,"column":35}},"3":{"start":{"line":11,"column":6},"end":{"line":15,"column":8}},"4":{"start":{"line":17,"column":6},"end":{"line":17,"column":67}},"5":{"start":{"line":18,"column":6},"end":{"line":18,"column":87}},"6":{"start":{"line":22,"column":20},"end":{"line":22,"column":42}},"7":{"start":{"line":23,"column":28},"end":{"line":23,"column":38}},"8":{"start":{"line":25,"column":6},"end":{"line":25,"column":34}},"9":{"start":{"line":26,"column":6},"end":{"line":26,"column":40}},"10":{"start":{"line":27,"column":6},"end":{"line":27,"column":19}},"11":{"start":{"line":29,"column":6},"end":{"line":33,"column":8}},"12":{"start":{"line":30,"column":8},"end":{"line":32,"column":11}},"13":{"start":{"line":35,"column":6},"end":{"line":37,"column":9}},"14":{"start":{"line":35,"column":37},"end":{"line":37,"column":8}},"15":{"start":{"line":39,"column":6},"end":{"line":43,"column":8}},"16":{"start":{"line":40,"column":8},"end":{"line":42,"column":11}},"17":{"start":{"line":45,"column":6},"end":{"line":49,"column":8}},"18":{"start":{"line":46,"column":8},"end":{"line":48,"column":11}},"19":{"start":{"line":51,"column":6},"end":{"line":55,"column":8}},"20":{"start":{"line":52,"column":8},"end":{"line":54,"column":11}},"21":{"start":{"line":59,"column":20},"end":{"line":59,"column":42}},"22":{"start":{"line":61,"column":6},"end":{"line":66,"column":7}},"23":{"start":{"line":62,"column":8},"end":{"line":62,"column":23}},"24":{"start":{"line":63,"column":8},"end":{"line":63,"column":25}},"25":{"start":{"line":64,"column":8},"end":{"line":64,"column":38}},"26":{"start":{"line":65,"column":8},"end":{"line":65,"column":34}},"27":{"start":{"line":70,"column":26},"end":{"line":70,"column":36}},"28":{"start":{"line":71,"column":20},"end":{"line":71,"column":42}},"29":{"start":{"line":73,"column":6},"end":{"line":77,"column":7}},"30":{"start":{"line":74,"column":8},"end":{"line":74,"column":21}},"31":{"start":{"line":76,"column":8},"end":{"line":76,"column":22}},"32":{"start":{"line":81,"column":6},"end":{"line":83,"column":9}},"33":{"start":{"line":87,"column":20},"end":{"line":87,"column":42}},"34":{"start":{"line":88,"column":6},"end":{"line":88,"column":32}},"35":{"start":{"line":93,"column":46},"end":{"line":93,"column":56}},"36":{"start":{"line":94,"column":47},"end":{"line":94,"column":57}},"37":{"start":{"line":96,"column":6},"end":{"line":114,"column":8}},"38":{"start":{"line":118,"column":2},"end":{"line":125,"column":4}},"39":{"start":{"line":127,"column":2},"end":{"line":127,"column":35}}},"fnMap":{"0":{"name":"(anonymous_0)","decl":{"start":{"line":4,"column":34},"end":{"line":4,"column":35}},"loc":{"start":{"line":4,"column":49},"end":{"line":128,"column":1}},"line":4},"1":{"name":"(anonymous_1)","decl":{"start":{"line":6,"column":4},"end":{"line":6,"column":5}},"loc":{"start":{"line":6,"column":23},"end":{"line":19,"column":5}},"line":6},"2":{"name":"(anonymous_2)","decl":{"start":{"line":21,"column":4},"end":{"line":21,"column":5}},"loc":{"start":{"line":21,"column":24},"end":{"line":56,"column":5}},"line":21},"3":{"name":"(anonymous_3)","decl":{"start":{"line":29,"column":31},"end":{"line":29,"column":32}},"loc":{"start":{"line":29,"column":37},"end":{"line":33,"column":7}},"line":29},"4":{"name":"(anonymous_4)","decl":{"start":{"line":35,"column":31},"end":{"line":35,"column":32}},"loc":{"start":{"line":35,"column":37},"end":{"line":37,"column":8}},"line":35},"5":{"name":"(anonymous_5)","decl":{"start":{"line":39,"column":21},"end":{"line":39,"column":22}},"loc":{"start":{"line":39,"column":27},"end":{"line":43,"column":7}},"line":39},"6":{"name":"(anonymous_6)","decl":{"start":{"line":45,"column":22},"end":{"line":45,"column":23}},"loc":{"start":{"line":45,"column":28},"end":{"line":49,"column":7}},"line":45},"7":{"name":"(anonymous_7)","decl":{"start":{"line":51,"column":27},"end":{"line":51,"column":28}},"loc":{"start":{"line":51,"column":33},"end":{"line":55,"column":7}},"line":51},"8":{"name":"(anonymous_8)","decl":{"start":{"line":58,"column":4},"end":{"line":58,"column":5}},"loc":{"start":{"line":58,"column":27},"end":{"line":67,"column":5}},"line":58},"9":{"name":"(anonymous_9)","decl":{"start":{"line":69,"column":4},"end":{"line":69,"column":5}},"loc":{"start":{"line":69,"column":25},"end":{"line":78,"column":5}},"line":69},"10":{"name":"(anonymous_10)","decl":{"start":{"line":80,"column":4},"end":{"line":80,"column":5}},"loc":{"start":{"line":80,"column":25},"end":{"line":84,"column":5}},"line":80},"11":{"name":"(anonymous_11)","decl":{"start":{"line":86,"column":4},"end":{"line":86,"column":5}},"loc":{"start":{"line":86,"column":35},"end":{"line":89,"column":5}},"line":86},"12":{"name":"(anonymous_12)","decl":{"start":{"line":92,"column":4},"end":{"line":92,"column":5}},"loc":{"start":{"line":92,"column":13},"end":{"line":115,"column":5}},"line":92}},"branchMap":{"0":{"loc":{"start":{"line":61,"column":6},"end":{"line":66,"column":7}},"type":"if","locations":[{"start":{"line":61,"column":6},"end":{"line":66,"column":7}},{"start":{"line":61,"column":6},"end":{"line":66,"column":7}}],"line":61},"1":{"loc":{"start":{"line":73,"column":6},"end":{"line":77,"column":7}},"type":"if","locations":[{"start":{"line":73,"column":6},"end":{"line":77,"column":7}},{"start":{"line":73,"column":6},"end":{"line":77,"column":7}}],"line":73}},"s":{"0":1,"1":0,"2":0,"3":0,"4":0,"5":0,"6":0,"7":0,"8":0,"9":0,"10":0,"11":0,"12":0,"13":0,"14":0,"15":0,"16":0,"17":0,"18":0,"19":0,"20":0,"21":0,"22":0,"23":0,"24":0,"25":0,"26":0,"27":0,"28":0,"29":0,"30":0,"31":0,"32":0,"33":0,"34":0,"35":0,"36":0,"37":0,"38":1,"39":1},"f":{"0":1,"1":0,"2":0,"3":0,"4":0,"5":0,"6":0,"7":0,"8":0,"9":0,"10":0,"11":0,"12":0},"b":{"0":[0,0],"1":[0,0]},"_coverageSchema":"1a1c01bbd47fc00a2c39e90264f33305004495a9","hash":"f601590efc9092ece58c797591ab38e312f256c2"}
,"C:\\Users\\titarenkoeia\\1120597-what-to-watch-4\\src\\hocs\\with-review\\with-review.js": {"path":"C:\\Users\\titarenkoeia\\1120597-what-to-watch-4\\src\\hocs\\with-review\\with-review.js","statementMap":{"0":{"start":{"line":8,"column":19},"end":{"line":76,"column":1}},"1":{"start":{"line":11,"column":6},"end":{"line":11,"column":19}},"2":{"start":{"line":13,"column":6},"end":{"line":17,"column":8}},"3":{"start":{"line":19,"column":6},"end":{"line":19,"column":69}},"4":{"start":{"line":20,"column":6},"end":{"line":20,"column":69}},"5":{"start":{"line":21,"column":6},"end":{"line":21,"column":67}},"6":{"start":{"line":25,"column":6},"end":{"line":27,"column":9}},"7":{"start":{"line":31,"column":6},"end":{"line":34,"column":9}},"8":{"start":{"line":38,"column":44},"end":{"line":38,"column":54}},"9":{"start":{"line":40,"column":21},"end":{"line":43,"column":7}},"10":{"start":{"line":45,"column":6},"end":{"line":45,"column":27}},"11":{"start":{"line":46,"column":6},"end":{"line":46,"column":42}},"12":{"start":{"line":47,"column":6},"end":{"line":47,"column":23}},"13":{"start":{"line":51,"column":28},"end":{"line":51,"column":38}},"14":{"start":{"line":53,"column":6},"end":{"line":62,"column":8}},"15":{"start":{"line":66,"column":2},"end":{"line":69,"column":4}},"16":{"start":{"line":71,"column":26},"end":{"line":73,"column":4}},"17":{"start":{"line":71,"column":45},"end":{"line":73,"column":3}},"18":{"start":{"line":75,"column":2},"end":{"line":75,"column":46}}},"fnMap":{"0":{"name":"(anonymous_0)","decl":{"start":{"line":8,"column":19},"end":{"line":8,"column":20}},"loc":{"start":{"line":8,"column":34},"end":{"line":76,"column":1}},"line":8},"1":{"name":"(anonymous_1)","decl":{"start":{"line":10,"column":4},"end":{"line":10,"column":5}},"loc":{"start":{"line":10,"column":23},"end":{"line":22,"column":5}},"line":10},"2":{"name":"(anonymous_2)","decl":{"start":{"line":24,"column":4},"end":{"line":24,"column":5}},"loc":{"start":{"line":24,"column":29},"end":{"line":28,"column":5}},"line":24},"3":{"name":"(anonymous_3)","decl":{"start":{"line":30,"column":4},"end":{"line":30,"column":5}},"loc":{"start":{"line":30,"column":29},"end":{"line":35,"column":5}},"line":30},"4":{"name":"(anonymous_4)","decl":{"start":{"line":37,"column":4},"end":{"line":37,"column":5}},"loc":{"start":{"line":37,"column":28},"end":{"line":48,"column":5}},"line":37},"5":{"name":"(anonymous_5)","decl":{"start":{"line":50,"column":4},"end":{"line":50,"column":5}},"loc":{"start":{"line":50,"column":13},"end":{"line":63,"column":5}},"line":50},"6":{"name":"(anonymous_6)","decl":{"start":{"line":71,"column":26},"end":{"line":71,"column":27}},"loc":{"start":{"line":71,"column":45},"end":{"line":73,"column":3}},"line":71}},"branchMap":{"0":{"loc":{"start":{"line":33,"column":26},"end":{"line":33,"column":135}},"type":"cond-expr","locations":[{"start":{"line":33,"column":123},"end":{"line":33,"column":127}},{"start":{"line":33,"column":130},"end":{"line":33,"column":135}}],"line":33},"1":{"loc":{"start":{"line":33,"column":26},"end":{"line":33,"column":120}},"type":"binary-expr","locations":[{"start":{"line":33,"column":27},"end":{"line":33,"column":70}},{"start":{"line":33,"column":76},"end":{"line":33,"column":119}}],"line":33}},"s":{"0":3,"1":0,"2":0,"3":0,"4":0,"5":0,"6":0,"7":0,"8":0,"9":0,"10":0,"11":0,"12":0,"13":0,"14":0,"15":5,"16":5,"17":0,"18":5},"f":{"0":5,"1":0,"2":0,"3":0,"4":0,"5":0,"6":0},"b":{"0":[0,0],"1":[0,0]},"_coverageSchema":"1a1c01bbd47fc00a2c39e90264f33305004495a9","hash":"13cda928ded5d92bbc3e3a4435f191ff1043f044"}
,"C:\\Users\\titarenkoeia\\1120597-what-to-watch-4\\src\\hocs\\with-video\\with-video.js": {"path":"C:\\Users\\titarenkoeia\\1120597-what-to-watch-4\\src\\hocs\\with-video\\with-video.js","statementMap":{"0":{"start":{"line":3,"column":18},"end":{"line":54,"column":1}},"1":{"start":{"line":6,"column":6},"end":{"line":6,"column":19}},"2":{"start":{"line":7,"column":6},"end":{"line":7,"column":35}},"3":{"start":{"line":9,"column":6},"end":{"line":13,"column":8}},"4":{"start":{"line":15,"column":6},"end":{"line":15,"column":67}},"5":{"start":{"line":16,"column":6},"end":{"line":16,"column":87}},"6":{"start":{"line":20,"column":6},"end":{"line":22,"column":9}},"7":{"start":{"line":26,"column":20},"end":{"line":26,"column":42}},"8":{"start":{"line":27,"column":6},"end":{"line":27,"column":32}},"9":{"start":{"line":31,"column":46},"end":{"line":31,"column":56}},"10":{"start":{"line":33,"column":6},"end":{"line":49,"column":8}},"11":{"start":{"line":53,"column":2},"end":{"line":53,"column":19}}},"fnMap":{"0":{"name":"(anonymous_0)","decl":{"start":{"line":3,"column":18},"end":{"line":3,"column":19}},"loc":{"start":{"line":3,"column":33},"end":{"line":54,"column":1}},"line":3},"1":{"name":"(anonymous_1)","decl":{"start":{"line":5,"column":4},"end":{"line":5,"column":5}},"loc":{"start":{"line":5,"column":23},"end":{"line":17,"column":5}},"line":5},"2":{"name":"(anonymous_2)","decl":{"start":{"line":19,"column":4},"end":{"line":19,"column":5}},"loc":{"start":{"line":19,"column":25},"end":{"line":23,"column":5}},"line":19},"3":{"name":"(anonymous_3)","decl":{"start":{"line":25,"column":4},"end":{"line":25,"column":5}},"loc":{"start":{"line":25,"column":35},"end":{"line":28,"column":5}},"line":25},"4":{"name":"(anonymous_4)","decl":{"start":{"line":30,"column":4},"end":{"line":30,"column":5}},"loc":{"start":{"line":30,"column":13},"end":{"line":50,"column":5}},"line":30}},"branchMap":{},"s":{"0":7,"1":16,"2":16,"3":16,"4":16,"5":16,"6":2,"7":0,"8":0,"9":18,"10":18,"11":7},"f":{"0":7,"1":16,"2":2,"3":0,"4":18},"b":{},"_coverageSchema":"1a1c01bbd47fc00a2c39e90264f33305004495a9","hash":"ab8d033f51718d50370e1200034bfb402603903e"}
,"C:\\Users\\titarenkoeia\\1120597-what-to-watch-4\\src\\reducer\\name-space.js": {"path":"C:\\Users\\titarenkoeia\\1120597-what-to-watch-4\\src\\reducer\\name-space.js","statementMap":{"0":{"start":{"line":1,"column":18},"end":{"line":5,"column":1}}},"fnMap":{},"branchMap":{},"s":{"0":8},"f":{},"b":{},"_coverageSchema":"1a1c01bbd47fc00a2c39e90264f33305004495a9","hash":"21ef66713c29fd4f38a062d8f97a5dac9e718b38"}
,"C:\\Users\\titarenkoeia\\1120597-what-to-watch-4\\src\\reducer\\actions\\app-state-action-creator.js": {"path":"C:\\Users\\titarenkoeia\\1120597-what-to-watch-4\\src\\reducer\\actions\\app-state-action-creator.js","statementMap":{"0":{"start":{"line":4,"column":30},"end":{"line":31,"column":1}},"1":{"start":{"line":5,"column":30},"end":{"line":8,"column":3}},"2":{"start":{"line":10,"column":25},"end":{"line":13,"column":3}},"3":{"start":{"line":15,"column":36},"end":{"line":18,"column":3}},"4":{"start":{"line":19,"column":40},"end":{"line":22,"column":3}},"5":{"start":{"line":23,"column":24},"end":{"line":26,"column":3}},"6":{"start":{"line":27,"column":30},"end":{"line":30,"column":3}}},"fnMap":{"0":{"name":"(anonymous_0)","decl":{"start":{"line":5,"column":18},"end":{"line":5,"column":19}},"loc":{"start":{"line":5,"column":30},"end":{"line":8,"column":3}},"line":5},"1":{"name":"(anonymous_1)","decl":{"start":{"line":10,"column":18},"end":{"line":10,"column":19}},"loc":{"start":{"line":10,"column":25},"end":{"line":13,"column":3}},"line":10},"2":{"name":"(anonymous_2)","decl":{"start":{"line":15,"column":18},"end":{"line":15,"column":19}},"loc":{"start":{"line":15,"column":36},"end":{"line":18,"column":3}},"line":15},"3":{"name":"(anonymous_3)","decl":{"start":{"line":19,"column":28},"end":{"line":19,"column":29}},"loc":{"start":{"line":19,"column":40},"end":{"line":22,"column":3}},"line":19},"4":{"name":"(anonymous_4)","decl":{"start":{"line":23,"column":13},"end":{"line":23,"column":14}},"loc":{"start":{"line":23,"column":24},"end":{"line":26,"column":3}},"line":23},"5":{"name":"(anonymous_5)","decl":{"start":{"line":27,"column":19},"end":{"line":27,"column":20}},"loc":{"start":{"line":27,"column":30},"end":{"line":30,"column":3}},"line":27}},"branchMap":{},"s":{"0":7,"1":1,"2":1,"3":0,"4":0,"5":1,"6":1},"f":{"0":1,"1":1,"2":0,"3":0,"4":1,"5":1},"b":{},"_coverageSchema":"1a1c01bbd47fc00a2c39e90264f33305004495a9","hash":"8583bdd355a6ecf954d59c17ea587933b09df220"}
,"C:\\Users\\titarenkoeia\\1120597-what-to-watch-4\\src\\reducer\\actions\\app-state-action-types.js": {"path":"C:\\Users\\titarenkoeia\\1120597-what-to-watch-4\\src\\reducer\\actions\\app-state-action-types.js","statementMap":{"0":{"start":{"line":1,"column":27},"end":{"line":8,"column":1}}},"fnMap":{},"branchMap":{},"s":{"0":7},"f":{},"b":{},"_coverageSchema":"1a1c01bbd47fc00a2c39e90264f33305004495a9","hash":"dae1524c676fd968ef659279ac3d124dd193a40f"}
,"C:\\Users\\titarenkoeia\\1120597-what-to-watch-4\\src\\reducer\\actions\\data-action-creator.js": {"path":"C:\\Users\\titarenkoeia\\1120597-what-to-watch-4\\src\\reducer\\actions\\data-action-creator.js","statementMap":{"0":{"start":{"line":3,"column":26},"end":{"line":43,"column":1}},"1":{"start":{"line":5,"column":4},"end":{"line":8,"column":6}},"2":{"start":{"line":12,"column":4},"end":{"line":15,"column":6}},"3":{"start":{"line":19,"column":4},"end":{"line":22,"column":6}},"4":{"start":{"line":25,"column":43},"end":{"line":28,"column":3}},"5":{"start":{"line":31,"column":4},"end":{"line":34,"column":6}},"6":{"start":{"line":38,"column":4},"end":{"line":41,"column":6}}},"fnMap":{"0":{"name":"(anonymous_0)","decl":{"start":{"line":4,"column":18},"end":{"line":4,"column":19}},"loc":{"start":{"line":4,"column":34},"end":{"line":9,"column":3}},"line":4},"1":{"name":"(anonymous_1)","decl":{"start":{"line":11,"column":14},"end":{"line":11,"column":15}},"loc":{"start":{"line":11,"column":26},"end":{"line":16,"column":3}},"line":11},"2":{"name":"(anonymous_2)","decl":{"start":{"line":18,"column":15},"end":{"line":18,"column":16}},"loc":{"start":{"line":18,"column":28},"end":{"line":23,"column":3}},"line":18},"3":{"name":"(anonymous_3)","decl":{"start":{"line":25,"column":22},"end":{"line":25,"column":23}},"loc":{"start":{"line":25,"column":43},"end":{"line":28,"column":3}},"line":25},"4":{"name":"(anonymous_4)","decl":{"start":{"line":30,"column":14},"end":{"line":30,"column":15}},"loc":{"start":{"line":30,"column":26},"end":{"line":35,"column":3}},"line":30},"5":{"name":"(anonymous_5)","decl":{"start":{"line":37,"column":14},"end":{"line":37,"column":15}},"loc":{"start":{"line":37,"column":20},"end":{"line":42,"column":3}},"line":37}},"branchMap":{},"s":{"0":6,"1":1,"2":1,"3":1,"4":1,"5":1,"6":0},"f":{"0":1,"1":1,"2":1,"3":1,"4":1,"5":0},"b":{},"_coverageSchema":"1a1c01bbd47fc00a2c39e90264f33305004495a9","hash":"531f24b5b5b756973d8abc1f8481e40c5d47afa1"}
,"C:\\Users\\titarenkoeia\\1120597-what-to-watch-4\\src\\reducer\\actions\\data-action-types.js": {"path":"C:\\Users\\titarenkoeia\\1120597-what-to-watch-4\\src\\reducer\\actions\\data-action-types.js","statementMap":{"0":{"start":{"line":1,"column":23},"end":{"line":8,"column":1}}},"fnMap":{},"branchMap":{},"s":{"0":6},"f":{},"b":{},"_coverageSchema":"1a1c01bbd47fc00a2c39e90264f33305004495a9","hash":"923936b1bbcab0fd0fd5c4b460d72cc1760ae71d"}
[...]
,"C:\\Users\\titarenkoeia\\1120597-what-to-watch-4\\src\\reducer\\data\\data.js": {"path":"C:\\Users\\titarenkoeia\\1120597-what-to-watch-4\\src\\reducer\\data\\data.js","statementMap":{"0":{"start":{"line":8,"column":21},"end":{"line":14,"column":1}},"1":{"start":{"line":16,"column":18},"end":{"line":90,"column":1}},"2":{"start":{"line":17,"column":24},"end":{"line":25,"column":3}},"3":{"start":{"line":18,"column":4},"end":{"line":24,"column":9}},"4":{"start":{"line":20,"column":8},"end":{"line":20,"column":79}},"5":{"start":{"line":23,"column":8},"end":{"line":23,"column":49}},"6":{"start":{"line":27,"column":20},"end":{"line":36,"column":3}},"7":{"start":{"line":28,"column":4},"end":{"line":35,"column":9}},"8":{"start":{"line":30,"column":23},"end":{"line":30,"column":71}},"9":{"start":{"line":30,"column":52},"end":{"line":30,"column":70}},"10":{"start":{"line":31,"column":8},"end":{"line":31,"column":55}},"11":{"start":{"line":34,"column":8},"end":{"line":34,"column":49}},"12":{"start":{"line":38,"column":28},"end":{"line":46,"column":3}},"13":{"start":{"line":39,"column":4},"end":{"line":45,"column":9}},"14":{"start":{"line":41,"column":8},"end":{"line":41,"column":63}},"15":{"start":{"line":44,"column":8},"end":{"line":44,"column":49}},"16":{"start":{"line":48,"column":28},"end":{"line":59,"column":3}},"17":{"start":{"line":49,"column":4},"end":{"line":58,"column":9}},"18":{"start":{"line":51,"column":8},"end":{"line":54,"column":9}},"19":{"start":{"line":52,"column":33},"end":{"line":52,"column":97}},"20":{"start":{"line":52,"column":70},"end":{"line":52,"column":96}},"21":{"start":{"line":53,"column":10},"end":{"line":53,"column":73}},"22":{"start":{"line":57,"column":8},"end":{"line":57,"column":49}},"23":{"start":{"line":61,"column":30},"end":{"line":77,"column":3}},"24":{"start":{"line":62,"column":4},"end":{"line":76,"column":7}},"25":{"start":{"line":67,"column":6},"end":{"line":67,"column":53}},"26":{"start":{"line":68,"column":6},"end":{"line":68,"column":42}},"27":{"start":{"line":71,"column":6},"end":{"line":71,"column":55}},"28":{"start":{"line":72,"column":6},"end":{"line":72,"column":61}},"29":{"start":{"line":75,"column":6},"end":{"line":75,"column":47}},"30":{"start":{"line":79,"column":35},"end":{"line":89,"column":3}},"31":{"start":{"line":80,"column":4},"end":{"line":88,"column":7}},"32":{"start":{"line":82,"column":6},"end":{"line":82,"column":39}},"33":{"start":{"line":83,"column":6},"end":{"line":83,"column":43}},"34":{"start":{"line":84,"column":6},"end":{"line":84,"column":47}},"35":{"start":{"line":87,"column":6},"end":{"line":87,"column":47}},"36":{"start":{"line":92,"column":16},"end":{"line":121,"column":1}},"37":{"start":{"line":93,"column":2},"end":{"line":118,"column":3}},"38":{"start":{"line":95,"column":6},"end":{"line":98,"column":9}},"39":{"start":{"line":100,"column":6},"end":{"line":103,"column":9}},"40":{"start":{"line":105,"column":6},"end":{"line":108,"column":9}},"41":{"start":{"line":110,"column":6},"end":{"line":113,"column":9}},"42":{"start":{"line":115,"column":6},"end":{"line":117,"column":9}},"43":{"start":{"line":120,"column":2},"end":{"line":120,"column":15}}},"fnMap":{"0":{"name":"(anonymous_0)","decl":{"start":{"line":17,"column":18},"end":{"line":17,"column":19}},"loc":{"start":{"line":17,"column":24},"end":{"line":25,"column":3}},"line":17},"1":{"name":"(anonymous_1)","decl":{"start":{"line":17,"column":24},"end":{"line":17,"column":25}},"loc":{"start":{"line":17,"column":53},"end":{"line":25,"column":3}},"line":17},"2":{"name":"(anonymous_2)","decl":{"start":{"line":19,"column":12},"end":{"line":19,"column":13}},"loc":{"start":{"line":19,"column":26},"end":{"line":21,"column":7}},"line":19},"3":{"name":"(anonymous_3)","decl":{"start":{"line":22,"column":13},"end":{"line":22,"column":14}},"loc":{"start":{"line":22,"column":19},"end":{"line":24,"column":7}},"line":22},"4":{"name":"(anonymous_4)","decl":{"start":{"line":27,"column":14},"end":{"line":27,"column":15}},"loc":{"start":{"line":27,"column":20},"end":{"line":36,"column":3}},"line":27},"5":{"name":"(anonymous_5)","decl":{"start":{"line":27,"column":20},"end":{"line":27,"column":21}},"loc":{"start":{"line":27,"column":49},"end":{"line":36,"column":3}},"line":27},"6":{"name":"(anonymous_6)","decl":{"start":{"line":29,"column":12},"end":{"line":29,"column":13}},"loc":{"start":{"line":29,"column":26},"end":{"line":32,"column":7}},"line":29},"7":{"name":"(anonymous_7)","decl":{"start":{"line":30,"column":41},"end":{"line":30,"column":42}},"loc":{"start":{"line":30,"column":52},"end":{"line":30,"column":70}},"line":30},"8":{"name":"(anonymous_8)","decl":{"start":{"line":33,"column":13},"end":{"line":33,"column":14}},"loc":{"start":{"line":33,"column":19},"end":{"line":35,"column":7}},"line":33},"9":{"name":"(anonymous_9)","decl":{"start":{"line":38,"column":15},"end":{"line":38,"column":16}},"loc":{"start":{"line":38,"column":28},"end":{"line":46,"column":3}},"line":38},"10":{"name":"(anonymous_10)","decl":{"start":{"line":38,"column":28},"end":{"line":38,"column":29}},"loc":{"start":{"line":38,"column":57},"end":{"line":46,"column":3}},"line":38},"11":{"name":"(anonymous_11)","decl":{"start":{"line":40,"column":12},"end":{"line":40,"column":13}},"loc":{"start":{"line":40,"column":26},"end":{"line":42,"column":7}},"line":40},"12":{"name":"(anonymous_12)","decl":{"start":{"line":43,"column":13},"end":{"line":43,"column":14}},"loc":{"start":{"line":43,"column":19},"end":{"line":45,"column":7}},"line":43},"13":{"name":"(anonymous_13)","decl":{"start":{"line":48,"column":22},"end":{"line":48,"column":23}},"loc":{"start":{"line":48,"column":28},"end":{"line":59,"column":3}},"line":48},"14":{"name":"(anonymous_14)","decl":{"start":{"line":48,"column":28},"end":{"line":48,"column":29}},"loc":{"start":{"line":48,"column":57},"end":{"line":59,"column":3}},"line":48},"15":{"name":"(anonymous_15)","decl":{"start":{"line":50,"column":12},"end":{"line":50,"column":13}},"loc":{"start":{"line":50,"column":26},"end":{"line":55,"column":7}},"line":50},"16":{"name":"(anonymous_16)","decl":{"start":{"line":52,"column":51},"end":{"line":52,"column":52}},"loc":{"start":{"line":52,"column":70},"end":{"line":52,"column":96}},"line":52},"17":{"name":"(anonymous_17)","decl":{"start":{"line":56,"column":13},"end":{"line":56,"column":14}},"loc":{"start":{"line":56,"column":19},"end":{"line":58,"column":7}},"line":56},"18":{"name":"(anonymous_18)","decl":{"start":{"line":61,"column":14},"end":{"line":61,"column":15}},"loc":{"start":{"line":61,"column":30},"end":{"line":77,"column":3}},"line":61},"19":{"name":"(anonymous_19)","decl":{"start":{"line":61,"column":30},"end":{"line":61,"column":31}},"loc":{"start":{"line":61,"column":59},"end":{"line":77,"column":3}},"line":61},"20":{"name":"(anonymous_20)","decl":{"start":{"line":66,"column":10},"end":{"line":66,"column":11}},"loc":{"start":{"line":66,"column":16},"end":{"line":69,"column":5}},"line":66},"21":{"name":"(anonymous_21)","decl":{"start":{"line":70,"column":9},"end":{"line":70,"column":10}},"loc":{"start":{"line":70,"column":15},"end":{"line":73,"column":5}},"line":70},"22":{"name":"(anonymous_22)","decl":{"start":{"line":74,"column":11},"end":{"line":74,"column":12}},"loc":{"start":{"line":74,"column":17},"end":{"line":76,"column":5}},"line":74},"23":{"name":"(anonymous_23)","decl":{"start":{"line":79,"column":24},"end":{"line":79,"column":25}},"loc":{"start":{"line":79,"column":35},"end":{"line":89,"column":3}},"line":79},"24":{"name":"(anonymous_24)","decl":{"start":{"line":79,"column":35},"end":{"line":79,"column":36}},"loc":{"start":{"line":79,"column":64},"end":{"line":89,"column":3}},"line":79},"25":{"name":"(anonymous_25)","decl":{"start":{"line":81,"column":10},"end":{"line":81,"column":11}},"loc":{"start":{"line":81,"column":16},"end":{"line":85,"column":5}},"line":81},"26":{"name":"(anonymous_26)","decl":{"start":{"line":86,"column":11},"end":{"line":86,"column":12}},"loc":{"start":{"line":86,"column":17},"end":{"line":88,"column":5}},"line":86},"27":{"name":"(anonymous_27)","decl":{"start":{"line":92,"column":16},"end":{"line":92,"column":17}},"loc":{"start":{"line":92,"column":50},"end":{"line":121,"column":1}},"line":92}},"branchMap":{"0":{"loc":{"start":{"line":51,"column":8},"end":{"line":54,"column":9}},"type":"if","locations":[{"start":{"line":51,"column":8},"end":{"line":54,"column":9}},{"start":{"line":51,"column":8},"end":{"line":54,"column":9}}],"line":51},"1":{"loc":{"start":{"line":80,"column":45},"end":{"line":80,"column":69}},"type":"cond-expr","locations":[{"start":{"line":80,"column":64},"end":{"line":80,"column":65}},{"start":{"line":80,"column":68},"end":{"line":80,"column":69}}],"line":80},"2":{"loc":{"start":{"line":92,"column":17},"end":{"line":92,"column":37}},"type":"default-arg","locations":[{"start":{"line":92,"column":25},"end":{"line":92,"column":37}}],"line":92},"3":{"loc":{"start":{"line":93,"column":2},"end":{"line":118,"column":3}},"type":"switch","locations":[{"start":{"line":94,"column":4},"end":{"line":98,"column":9}},{"start":{"line":99,"column":4},"end":{"line":103,"column":9}},{"start":{"line":104,"column":4},"end":{"line":108,"column":9}},{"start":{"line":109,"column":4},"end":{"line":113,"column":9}},{"start":{"line":114,"column":4},"end":{"line":117,"column":9}}],"line":93}},"s":{"0":6,"1":6,"2":1,"3":1,"4":1,"5":0,"6":1,"7":1,"8":1,"9":1,"10":1,"11":0,"12":2,"13":1,"14":1,"15":0,"16":1,"17":1,"18":1,"19":1,"20":1,"21":1,"22":0,"23":1,"24":1,"25":1,"26":1,"27":1,"28":1,"29":0,"30":0,"31":0,"32":0,"33":0,"34":0,"35":0,"36":6,"37":5,"38":1,"39":1,"40":1,"41":1,"42":0,"43":1},"f":{"0":1,"1":1,"2":1,"3":0,"4":1,"5":1,"6":1,"7":1,"8":0,"9":2,"10":1,"11":1,"12":0,"13":1,"14":1,"15":1,"16":1,"17":0,"18":1,"19":1,"20":1,"21":1,"22":0,"23":0,"24":0,"25":0,"26":0,"27":5},"b":{"0":[1,0],"1":[0,0],"2":[1],"3":[1,1,1,1,0]},"_coverageSchema":"1a1c01bbd47fc00a2c39e90264f33305004495a9","hash":"7f1d60f4bdee147becf6c885f05c0bfa6c9c088e"}
,"C:\\Users\\titarenkoeia\\1120597-what-to-watch-4\\src\\reducer\\data\\selectors.js": {"path":"C:\\Users\\titarenkoeia\\1120597-what-to-watch-4\\src\\reducer\\data\\selectors.js","statementMap":{"0":{"start":{"line":5,"column":29},"end":{"line":5,"column":72}},"1":{"start":{"line":5,"column":40},"end":{"line":5,"column":72}},"2":{"start":{"line":7,"column":25},"end":{"line":7,"column":64}},"3":{"start":{"line":7,"column":36},"end":{"line":7,"column":64}},"4":{"start":{"line":9,"column":26},"end":{"line":9,"column":66}},"5":{"start":{"line":9,"column":37},"end":{"line":9,"column":66}},"6":{"start":{"line":11,"column":26},"end":{"line":11,"column":66}},"7":{"start":{"line":11,"column":37},"end":{"line":11,"column":66}},"8":{"start":{"line":13,"column":33},"end":{"line":13,"column":80}},"9":{"start":{"line":13,"column":44},"end":{"line":13,"column":80}},"10":{"start":{"line":15,"column":29},"end":{"line":20,"column":1}},"11":{"start":{"line":18,"column":6},"end":{"line":18,"column":76}},"12":{"start":{"line":18,"column":61},"end":{"line":18,"column":72}},"13":{"start":{"line":22,"column":33},"end":{"line":32,"column":1}},"14":{"start":{"line":26,"column":6},"end":{"line":30,"column":7}},"15":{"start":{"line":27,"column":8},"end":{"line":27,"column":22}},"16":{"start":{"line":29,"column":8},"end":{"line":29,"column":69}},"17":{"start":{"line":29,"column":40},"end":{"line":29,"column":67}}},"fnMap":{"0":{"name":"(anonymous_0)","decl":{"start":{"line":5,"column":29},"end":{"line":5,"column":30}},"loc":{"start":{"line":5,"column":40},"end":{"line":5,"column":72}},"line":5},"1":{"name":"(anonymous_1)","decl":{"start":{"line":7,"column":25},"end":{"line":7,"column":26}},"loc":{"start":{"line":7,"column":36},"end":{"line":7,"column":64}},"line":7},"2":{"name":"(anonymous_2)","decl":{"start":{"line":9,"column":26},"end":{"line":9,"column":27}},"loc":{"start":{"line":9,"column":37},"end":{"line":9,"column":66}},"line":9},"3":{"name":"(anonymous_3)","decl":{"start":{"line":11,"column":26},"end":{"line":11,"column":27}},"loc":{"start":{"line":11,"column":37},"end":{"line":11,"column":66}},"line":11},"4":{"name":"(anonymous_4)","decl":{"start":{"line":13,"column":33},"end":{"line":13,"column":34}},"loc":{"start":{"line":13,"column":44},"end":{"line":13,"column":80}},"line":13},"5":{"name":"(anonymous_5)","decl":{"start":{"line":17,"column":4},"end":{"line":17,"column":5}},"loc":{"start":{"line":17,"column":16},"end":{"line":19,"column":5}},"line":17},"6":{"name":"(anonymous_6)","decl":{"start":{"line":18,"column":50},"end":{"line":18,"column":51}},"loc":{"start":{"line":18,"column":61},"end":{"line":18,"column":72}},"line":18},"7":{"name":"(anonymous_7)","decl":{"start":{"line":25,"column":4},"end":{"line":25,"column":5}},"loc":{"start":{"line":25,"column":29},"end":{"line":31,"column":5}},"line":25},"8":{"name":"(anonymous_8)","decl":{"start":{"line":29,"column":29},"end":{"line":29,"column":30}},"loc":{"start":{"line":29,"column":40},"end":{"line":29,"column":67}},"line":29}},"branchMap":{"0":{"loc":{"start":{"line":26,"column":6},"end":{"line":30,"column":7}},"type":"if","locations":[{"start":{"line":26,"column":6},"end":{"line":30,"column":7}},{"start":{"line":26,"column":6},"end":{"line":30,"column":7}}],"line":26}},"s":{"0":5,"1":1,"2":5,"3":6,"4":5,"5":1,"6":5,"7":1,"8":5,"9":0,"10":5,"11":2,"12":6,"13":5,"14":0,"15":0,"16":0,"17":0},"f":{"0":1,"1":6,"2":1,"3":1,"4":0,"5":2,"6":6,"7":0,"8":0},"b":{"0":[0,0]},"_coverageSchema":"1a1c01bbd47fc00a2c39e90264f33305004495a9","hash":"f9f02c47231bf0794443dddd8d209482782cf06b"}
,"C:\\Users\\titarenkoeia\\1120597-what-to-watch-4\\src\\reducer\\user\\selectors.js": {"path":"C:\\Users\\titarenkoeia\\1120597-what-to-watch-4\\src\\reducer\\user\\selectors.js","statementMap":{"0":{"start":{"line":3,"column":38},"end":{"line":3,"column":90}},"1":{"start":{"line":3,"column":49},"end":{"line":3,"column":90}},"2":{"start":{"line":5,"column":36},"end":{"line":5,"column":86}},"3":{"start":{"line":5,"column":47},"end":{"line":5,"column":86}},"4":{"start":{"line":7,"column":32},"end":{"line":7,"column":78}},"5":{"start":{"line":7,"column":43},"end":{"line":7,"column":78}}},"fnMap":{"0":{"name":"(anonymous_0)","decl":{"start":{"line":3,"column":38},"end":{"line":3,"column":39}},"loc":{"start":{"line":3,"column":49},"end":{"line":3,"column":90}},"line":3},"1":{"name":"(anonymous_1)","decl":{"start":{"line":5,"column":36},"end":{"line":5,"column":37}},"loc":{"start":{"line":5,"column":47},"end":{"line":5,"column":86}},"line":5},"2":{"name":"(anonymous_2)","decl":{"start":{"line":7,"column":32},"end":{"line":7,"column":33}},"loc":{"start":{"line":7,"column":43},"end":{"line":7,"column":78}},"line":7}},"branchMap":{},"s":{"0":8,"1":12,"2":8,"3":5,"4":8,"5":1},"f":{"0":12,"1":5,"2":1},"b":{},"_coverageSchema":"1a1c01bbd47fc00a2c39e90264f33305004495a9","hash":"186baf71e5ba04c237efa0fd307287a029f9d1f3"}
,"C:\\Users\\titarenkoeia\\1120597-what-to-watch-4\\src\\reducer\\user\\user.js": {"path":"C:\\Users\\titarenkoeia\\1120597-what-to-watch-4\\src\\reducer\\user\\user.js","statementMap":{"0":{"start":{"line":6,"column":28},"end":{"line":9,"column":1}},"1":{"start":{"line":11,"column":21},"end":{"line":19,"column":4}},"2":{"start":{"line":21,"column":18},"end":{"line":47,"column":1}},"3":{"start":{"line":22,"column":19},"end":{"line":31,"column":3}},"4":{"start":{"line":23,"column":4},"end":{"line":30,"column":9}},"5":{"start":{"line":25,"column":8},"end":{"line":25,"column":83}},"6":{"start":{"line":26,"column":8},"end":{"line":26,"column":89}},"7":{"start":{"line":29,"column":8},"end":{"line":29,"column":18}},"8":{"start":{"line":33,"column":23},"end":{"line":46,"column":3}},"9":{"start":{"line":34,"column":4},"end":{"line":45,"column":9}},"10":{"start":{"line":39,"column":8},"end":{"line":39,"column":83}},"11":{"start":{"line":40,"column":8},"end":{"line":40,"column":89}},"12":{"start":{"line":41,"column":8},"end":{"line":41,"column":57}},"13":{"start":{"line":44,"column":8},"end":{"line":44,"column":86}},"14":{"start":{"line":50,"column":16},"end":{"line":67,"column":1}},"15":{"start":{"line":51,"column":2},"end":{"line":64,"column":3}},"16":{"start":{"line":53,"column":6},"end":{"line":55,"column":9}},"17":{"start":{"line":57,"column":6},"end":{"line":59,"column":9}},"18":{"start":{"line":61,"column":6},"end":{"line":63,"column":9}},"19":{"start":{"line":66,"column":2},"end":{"line":66,"column":15}}},"fnMap":{"0":{"name":"(anonymous_0)","decl":{"start":{"line":22,"column":13},"end":{"line":22,"column":14}},"loc":{"start":{"line":22,"column":19},"end":{"line":31,"column":3}},"line":22},"1":{"name":"(anonymous_1)","decl":{"start":{"line":22,"column":19},"end":{"line":22,"column":20}},"loc":{"start":{"line":22,"column":48},"end":{"line":31,"column":3}},"line":22},"2":{"name":"(anonymous_2)","decl":{"start":{"line":24,"column":12},"end":{"line":24,"column":13}},"loc":{"start":{"line":24,"column":26},"end":{"line":27,"column":7}},"line":24},"3":{"name":"(anonymous_3)","decl":{"start":{"line":28,"column":13},"end":{"line":28,"column":14}},"loc":{"start":{"line":28,"column":22},"end":{"line":30,"column":7}},"line":28},"4":{"name":"(anonymous_4)","decl":{"start":{"line":33,"column":9},"end":{"line":33,"column":10}},"loc":{"start":{"line":33,"column":23},"end":{"line":46,"column":3}},"line":33},"5":{"name":"(anonymous_5)","decl":{"start":{"line":33,"column":23},"end":{"line":33,"column":24}},"loc":{"start":{"line":33,"column":52},"end":{"line":46,"column":3}},"line":33},"6":{"name":"(anonymous_6)","decl":{"start":{"line":38,"column":12},"end":{"line":38,"column":13}},"loc":{"start":{"line":38,"column":26},"end":{"line":42,"column":7}},"line":38},"7":{"name":"(anonymous_7)","decl":{"start":{"line":43,"column":13},"end":{"line":43,"column":14}},"loc":{"start":{"line":43,"column":19},"end":{"line":45,"column":7}},"line":43},"8":{"name":"(anonymous_8)","decl":{"start":{"line":50,"column":16},"end":{"line":50,"column":17}},"loc":{"start":{"line":50,"column":50},"end":{"line":67,"column":1}},"line":50}},"branchMap":{"0":{"loc":{"start":{"line":50,"column":17},"end":{"line":50,"column":37}},"type":"default-arg","locations":[{"start":{"line":50,"column":25},"end":{"line":50,"column":37}}],"line":50},"1":{"loc":{"start":{"line":51,"column":2},"end":{"line":64,"column":3}},"type":"switch","locations":[{"start":{"line":52,"column":4},"end":{"line":55,"column":9}},{"start":{"line":56,"column":4},"end":{"line":59,"column":9}},{"start":{"line":60,"column":4},"end":{"line":63,"column":9}}],"line":51}},"s":{"0":9,"1":9,"2":9,"3":1,"4":1,"5":1,"6":1,"7":0,"8":0,"9":0,"10":0,"11":0,"12":0,"13":0,"14":9,"15":6,"16":4,"17":1,"18":0,"19":1},"f":{"0":1,"1":1,"2":1,"3":0,"4":0,"5":0,"6":0,"7":0,"8":6},"b":{"0":[1],"1":[4,1,0]},"_coverageSchema":"1a1c01bbd47fc00a2c39e90264f33305004495a9","hash":"4b83f46d509a20abf1db1117168e0f7d39c6ab61"}
}
