TN:
SF:src\api.js
FN:8,(anonymous_0)
FN:15,(anonymous_1)
FN:19,(anonymous_2)
FNF:3
FNH:2
FNDA:2,(anonymous_0)
FNDA:6,(anonymous_1)
FNDA:0,(anonymous_2)
DA:4,2
DA:8,2
DA:9,2
DA:15,2
DA:16,6
DA:19,2
DA:20,0
DA:22,0
DA:23,0
DA:25,0
DA:28,0
DA:31,2
DA:33,2
LF:13
LH:8
BRDA:22,0,0,0
BRDA:22,0,1,0
BRF:2
BRH:0
end_of_record
TN:
SF:src\constants.js
FNF:0
FNH:0
DA:1,20
DA:21,20
DA:27,20
DA:29,20
DA:31,20
DA:33,20
DA:41,20
DA:46,20
DA:48,20
DA:56,20
LF:10
LH:10
BRF:0
BRH:0
end_of_record
TN:
SF:src\history.js
FNF:0
FNH:0
DA:3,13
LF:1
LH:1
BRF:0
BRH:0
end_of_record
TN:
SF:src\utils.js
FN:3,(anonymous_0)
FN:7,(anonymous_1)
FN:19,(anonymous_2)
FN:23,(anonymous_3)
FN:27,(anonymous_4)
FN:42,(anonymous_5)
FN:51,(anonymous_6)
FN:53,(anonymous_7)
FN:58,(anonymous_8)
FN:59,(anonymous_9)
FN:62,(anonymous_10)
FNF:11
FNH:6
FNDA:15,(anonymous_0)
FNDA:1,(anonymous_1)
FNDA:2,(anonymous_2)
FNDA:0,(anonymous_3)
FNDA:0,(anonymous_4)
FNDA:0,(anonymous_5)
FNDA:1,(anonymous_6)
FNDA:3,(anonymous_7)
FNDA:0,(anonymous_8)
FNDA:0,(anonymous_9)
FNDA:3,(anonymous_10)
DA:3,14
DA:4,15
DA:7,14
DA:8,1
DA:9,1
DA:10,1
DA:12,1
DA:19,14
DA:20,2
DA:21,2
DA:23,0
DA:27,14
DA:28,0
DA:29,0
DA:31,0
DA:32,0
DA:33,0
DA:36,0
DA:37,0
DA:38,0
DA:42,14
DA:43,0
DA:45,0
DA:46,0
DA:47,0
DA:51,14
DA:52,1
DA:53,3
DA:58,14
DA:59,0
DA:62,14
DA:63,3
DA:64,0
DA:67,3
DA:68,0
DA:71,3
DA:72,0
DA:75,3
DA:76,3
DA:79,0
DA:80,0
DA:83,0
LF:42
LH:22
BRDA:20,0,0,2
BRDA:20,0,1,0
BRDA:31,1,0,0
BRDA:31,1,1,0
BRDA:36,2,0,0
BRDA:36,2,1,0
BRDA:45,3,0,0
BRDA:45,3,1,0
BRDA:63,4,0,0
BRDA:63,4,1,3
BRDA:63,5,0,3
BRDA:63,5,1,3
BRDA:67,6,0,0
BRDA:67,6,1,3
BRDA:67,7,0,3
BRDA:67,7,1,3
BRDA:71,8,0,0
BRDA:71,8,1,3
BRDA:71,9,0,3
BRDA:71,9,1,3
BRDA:75,10,0,3
BRDA:75,10,1,0
BRDA:75,11,0,3
BRDA:75,11,1,3
BRDA:79,12,0,0
BRDA:79,12,1,0
BRF:26
BRH:13
end_of_record
TN:
SF:src\adapter\movies.js
FN:1,(anonymous_0)
FNF:1
FNH:1
FNDA:6,(anonymous_0)
DA:1,6
DA:2,6
LF:2
LH:2
BRF:0
BRH:0
end_of_record
TN:
SF:src\adapter\user.js
FN:1,(anonymous_0)
FNF:1
FNH:1
FNDA:1,(anonymous_0)
DA:1,9
LF:1
LH:1
BRF:0
BRH:0
end_of_record
TN:
SF:src\components\add-review\add-review.jsx
FN:12,(anonymous_0)
FN:55,(anonymous_1)
FN:109,(anonymous_2)
FNF:3
FNH:2
FNDA:1,(anonymous_0)
FNDA:5,(anonymous_1)
FNDA:0,(anonymous_2)
DA:12,4
DA:22,1
DA:24,1
DA:56,5
DA:57,5
DA:92,4
DA:109,4
LF:7
LH:7
BRDA:77,0,0,0
BRDA:77,0,1,1
BRDA:84,1,0,1
BRDA:84,1,1,0
BRF:4
BRH:2
end_of_record
TN:
SF:src\components\app\app.jsx
FN:29,(anonymous_0)
FN:33,(anonymous_1)
FN:51,(anonymous_2)
FN:61,(anonymous_3)
FN:71,(anonymous_4)
FN:84,(anonymous_5)
FN:96,(anonymous_6)
FN:104,(anonymous_7)
FN:136,(anonymous_8)
FN:146,(anonymous_9)
FN:147,(anonymous_10)
FN:150,(anonymous_11)
FN:153,(anonymous_12)
FN:156,(anonymous_13)
FN:160,(anonymous_14)
FNF:15
FNH:5
FNDA:1,(anonymous_0)
FNDA:1,(anonymous_1)
FNDA:1,(anonymous_2)
FNDA:0,(anonymous_3)
FNDA:0,(anonymous_4)
FNDA:0,(anonymous_5)
FNDA:0,(anonymous_6)
FNDA:0,(anonymous_7)
FNDA:1,(anonymous_8)
FNDA:1,(anonymous_9)
FNDA:0,(anonymous_10)
FNDA:0,(anonymous_11)
FNDA:0,(anonymous_12)
FNDA:0,(anonymous_13)
FNDA:0,(anonymous_14)
DA:25,1
DA:26,1
DA:30,1
DA:43,1
DA:45,1
DA:53,1
DA:62,0
DA:63,0
DA:73,0
DA:85,0
DA:86,0
DA:91,0
DA:97,0
DA:105,0
DA:106,0
DA:121,1
DA:136,1
DA:146,1
DA:148,0
DA:151,0
DA:154,0
DA:157,0
DA:158,0
DA:161,0
LF:24
LH:9
BRDA:73,0,0,0
BRDA:73,0,1,0
BRDA:85,1,0,0
BRDA:85,1,1,0
BRDA:87,2,0,0
BRDA:87,2,1,0
BRF:6
BRH:0
end_of_record
TN:
SF:src\components\error-screen\error-screen.jsx
FN:3,(anonymous_0)
FNF:1
FNH:1
FNDA:2,(anonymous_0)
DA:3,5
DA:4,2
LF:2
LH:2
BRF:0
BRH:0
end_of_record
TN:
SF:src\components\genres-list\genres-list.jsx
FN:4,(anonymous_0)
FN:8,(anonymous_1)
FN:15,(anonymous_2)
FNF:3
FNH:2
FNDA:3,(anonymous_0)
FNDA:8,(anonymous_1)
FNDA:0,(anonymous_2)
DA:4,3
DA:6,3
DA:9,8
DA:16,0
DA:17,0
DA:27,3
LF:6
LH:4
BRDA:11,0,0,3
BRDA:11,0,1,5
BRF:2
BRH:2
end_of_record
TN:
SF:src\components\main\main.jsx
FN:21,(anonymous_0)
FN:129,(anonymous_1)
FN:140,(anonymous_2)
FN:141,(anonymous_3)
FN:144,(anonymous_4)
FN:147,(anonymous_5)
FNF:6
FNH:3
FNDA:2,(anonymous_0)
FNDA:2,(anonymous_1)
FNDA:2,(anonymous_2)
FNDA:0,(anonymous_3)
FNDA:0,(anonymous_4)
FNDA:0,(anonymous_5)
DA:19,2
DA:21,2
DA:36,2
DA:38,2
DA:39,2
DA:41,2
DA:42,0
DA:49,2
DA:109,2
DA:129,2
DA:130,2
DA:140,2
DA:142,0
DA:145,0
DA:148,0
LF:15
LH:11
BRDA:41,0,0,0
BRDA:41,0,1,2
BRDA:74,1,0,2
BRDA:74,1,1,0
BRDA:97,2,0,2
BRDA:97,2,1,2
BRDA:97,2,2,0
BRF:7
BRH:4
end_of_record
TN:
SF:src\components\movie-card-buttons\movie-card-buttons.jsx
FN:12,(anonymous_0)
FN:13,(anonymous_1)
FN:20,(anonymous_2)
FN:32,(anonymous_3)
FN:45,(anonymous_4)
FN:58,(anonymous_5)
FN:73,(anonymous_6)
FN:91,(anonymous_7)
FN:95,(anonymous_8)
FN:96,(anonymous_9)
FN:99,(anonymous_10)
FNF:11
FNH:3
FNDA:4,(anonymous_0)
FNDA:0,(anonymous_1)
FNDA:0,(anonymous_2)
FNDA:0,(anonymous_3)
FNDA:0,(anonymous_4)
FNDA:0,(anonymous_5)
FNDA:0,(anonymous_6)
FNDA:3,(anonymous_7)
FNDA:3,(anonymous_8)
FNDA:0,(anonymous_9)
FNDA:0,(anonymous_10)
DA:12,4
DA:13,4
DA:14,0
DA:20,4
DA:21,0
DA:29,4
DA:32,0
DA:42,4
DA:45,0
DA:54,4
DA:59,0
DA:60,0
DA:74,0
DA:75,0
DA:76,0
DA:83,4
DA:91,4
DA:95,4
DA:97,0
DA:100,0
LF:20
LH:9
BRDA:14,0,0,0
BRDA:14,0,1,0
BRDA:21,1,0,0
BRDA:21,1,1,0
BRDA:60,2,0,0
BRDA:60,2,1,0
BRDA:62,3,0,4
BRDA:62,3,1,4
BRDA:69,4,0,0
BRDA:69,4,1,4
BRF:10
BRH:3
end_of_record
TN:
SF:src\components\movie-details\movie-details.jsx
FN:4,(anonymous_0)
FN:16,(anonymous_1)
FNF:2
FNH:2
FNDA:1,(anonymous_0)
FNDA:12,(anonymous_1)
DA:4,4
DA:5,1
DA:17,12
DA:46,4
LF:4
LH:4
BRF:0
BRH:0
end_of_record
TN:
SF:src\components\movie-overview\movie-overview.jsx
FN:5,(anonymous_0)
FNF:1
FNH:1
FNDA:3,(anonymous_0)
DA:5,4
DA:6,3
DA:28,4
LF:3
LH:3
BRF:0
BRH:0
end_of_record
TN:
SF:src\components\movie-page\movie-page.jsx
FN:24,(anonymous_0)
FN:34,(anonymous_1)
FN:129,(anonymous_2)
FN:135,(anonymous_3)
FN:136,(anonymous_4)
FN:140,(anonymous_5)
FNF:6
FNH:4
FNDA:1,(anonymous_0)
FNDA:1,(anonymous_1)
FNDA:1,(anonymous_2)
FNDA:1,(anonymous_3)
FNDA:0,(anonymous_4)
FNDA:0,(anonymous_5)
DA:20,2
DA:21,2
DA:24,2
DA:34,1
DA:35,1
DA:37,1
DA:38,0
DA:41,1
DA:42,0
DA:51,1
DA:106,2
DA:129,2
DA:135,2
DA:137,0
DA:138,0
DA:141,0
LF:16
LH:11
BRDA:37,0,0,0
BRDA:37,0,1,1
BRDA:41,1,0,0
BRDA:41,1,1,1
BRF:4
BRH:2
end_of_record
TN:
SF:src\components\movie-reviews\movie-reviews.jsx
FN:5,(anonymous_0)
FN:20,(anonymous_1)
FN:25,(anonymous_2)
FNF:3
FNH:3
FNDA:2,(anonymous_0)
FNDA:1,(anonymous_1)
FNDA:2,(anonymous_2)
DA:5,4
DA:6,2
DA:20,4
DA:21,1
DA:22,1
DA:23,1
DA:25,2
DA:27,1
DA:39,4
LF:9
LH:9
BRF:0
BRH:0
end_of_record
TN:
SF:src\components\movie-videoplayer\movie-videoplayer.jsx
FN:6,(anonymous_0)
FNF:1
FNH:1
FNDA:1,(anonymous_0)
DA:6,2
DA:16,1
DA:18,1
DA:20,1
DA:21,0
DA:24,1
DA:69,2
LF:7
LH:6
BRDA:20,0,0,0
BRDA:20,0,1,1
BRDA:40,1,0,0
BRDA:40,1,1,1
BRF:4
BRH:2
end_of_record
TN:
SF:src\components\movies-list\movies-list.jsx
FN:8,(anonymous_0)
FN:11,(anonymous_1)
FNF:2
FNH:2
FNDA:5,(anonymous_0)
FNDA:15,(anonymous_1)
DA:6,6
DA:8,6
DA:9,5
DA:12,15
DA:22,6
LF:5
LH:5
BRF:0
BRH:0
end_of_record
TN:
SF:src\components\my-list\my-list.jsx
FN:13,(anonymous_0)
FN:17,(anonymous_1)
FN:22,(anonymous_2)
FN:64,(anonymous_3)
FN:70,(anonymous_4)
FN:71,(anonymous_5)
FNF:6
FNH:3
FNDA:1,(anonymous_0)
FNDA:1,(anonymous_1)
FNDA:1,(anonymous_2)
FNDA:0,(anonymous_3)
FNDA:0,(anonymous_4)
FNDA:0,(anonymous_5)
DA:14,1
DA:18,1
DA:19,1
DA:23,1
DA:25,1
DA:26,1
DA:29,0
DA:51,2
DA:64,2
DA:70,2
DA:72,0
LF:11
LH:9
BRDA:25,0,0,1
BRDA:25,0,1,0
BRF:2
BRH:1
end_of_record
TN:
SF:src\components\page-footer\page-footer.jsx
FN:6,(anonymous_0)
FNF:1
FNH:1
FNDA:5,(anonymous_0)
DA:6,6
DA:7,5
DA:9,5
LF:3
LH:3
BRF:0
BRH:0
end_of_record
TN:
SF:src\components\page-header\page-header.jsx
FN:10,(anonymous_0)
FN:55,(anonymous_1)
FNF:2
FNH:2
FNDA:6,(anonymous_0)
FNDA:5,(anonymous_1)
DA:10,7
DA:12,6
DA:44,7
DA:55,7
LF:4
LH:4
BRDA:25,0,0,1
BRDA:25,0,1,5
BRF:2
BRH:2
end_of_record
TN:
SF:src\components\private-route\private-route.jsx
FN:9,(anonymous_0)
FN:16,(anonymous_1)
FN:34,(anonymous_2)
FNF:3
FNH:0
FNDA:0,(anonymous_0)
FNDA:0,(anonymous_1)
FNDA:0,(anonymous_2)
DA:9,1
DA:10,0
DA:12,0
DA:17,0
DA:27,1
DA:34,1
LF:6
LH:3
BRDA:18,0,0,0
BRDA:18,0,1,0
BRF:2
BRH:0
end_of_record
TN:
SF:src\components\related-movies\related-movies.jsx
FN:5,(anonymous_0)
FNF:1
FNH:1
FNDA:2,(anonymous_0)
DA:5,3
DA:7,2
DA:15,3
LF:3
LH:3
BRF:0
BRH:0
end_of_record
TN:
SF:src\components\show-more-button\show-more-button.jsx
FN:4,(anonymous_0)
FNF:1
FNH:1
FNDA:1,(anonymous_0)
DA:4,3
DA:5,1
DA:16,3
LF:3
LH:3
BRF:0
BRH:0
end_of_record
TN:
SF:src\components\sign-in\sign-in.jsx
FN:8,(anonymous_0)
FN:17,(anonymous_1)
FN:30,(anonymous_2)
FNF:3
FNH:2
FNDA:1,(anonymous_0)
FNDA:0,(anonymous_1)
FNDA:1,(anonymous_2)
DA:9,1
DA:11,1
DA:12,1
DA:14,1
DA:18,0
DA:20,0
DA:22,0
DA:27,0
DA:31,1
DA:63,2
LF:10
LH:6
BRF:0
BRH:0
end_of_record
TN:
SF:src\components\small-movie-card\small-movie-card.jsx
FN:9,(anonymous_0)
FN:15,(anonymous_1)
FN:22,(anonymous_2)
FNF:3
FNH:3
FNDA:18,(anonymous_0)
FNDA:1,(anonymous_1)
FNDA:18,(anonymous_2)
DA:10,18
DA:12,18
DA:16,1
DA:18,1
DA:19,1
DA:23,18
DA:25,18
DA:54,8
LF:8
LH:8
BRF:0
BRH:0
end_of_record
TN:
SF:src\components\tabs\tabs.jsx
FN:8,(anonymous_0)
FN:21,(anonymous_1)
FN:28,(anonymous_2)
FN:38,(anonymous_3)
FNF:4
FNH:3
FNDA:2,(anonymous_0)
FNDA:2,(anonymous_1)
FNDA:6,(anonymous_2)
FNDA:0,(anonymous_3)
DA:8,3
DA:9,2
DA:11,2
DA:13,0
DA:15,0
DA:17,0
DA:21,3
DA:22,2
DA:24,2
DA:30,6
DA:39,0
DA:40,0
DA:54,3
LF:13
LH:8
BRDA:9,0,0,2
BRDA:9,0,1,0
BRDA:9,0,2,0
BRDA:9,0,3,0
BRDA:32,1,0,2
BRDA:32,1,1,4
BRF:6
BRH:3
end_of_record
TN:
SF:src\components\video-player\video-player.jsx
FN:5,(anonymous_0)
FN:11,(anonymous_1)
FN:22,(anonymous_2)
FN:33,(anonymous_3)
FN:37,(anonymous_4)
FN:46,(anonymous_5)
FNF:6
FNH:4
FNDA:18,(anonymous_0)
FNDA:19,(anonymous_1)
FNDA:0,(anonymous_2)
FNDA:1,(anonymous_3)
FNDA:0,(anonymous_4)
FNDA:19,(anonymous_5)
DA:6,18
DA:8,18
DA:12,19
DA:13,19
DA:15,19
DA:16,7
DA:17,7
DA:18,7
DA:23,0
DA:25,0
DA:26,0
DA:27,0
DA:28,0
DA:30,0
DA:34,1
DA:36,1
DA:37,1
DA:38,0
DA:41,0
DA:42,0
DA:47,19
DA:49,19
DA:61,10
LF:23
LH:14
BRDA:15,0,0,7
BRDA:15,0,1,12
BRDA:25,1,0,0
BRDA:25,1,1,0
BRDA:36,2,0,1
BRDA:36,2,1,0
BRF:6
BRH:3
end_of_record
TN:
SF:src\hocs\with-active-tab\with-active-tab.js
FN:4,(anonymous_0)
FN:6,(anonymous_1)
FN:16,(anonymous_2)
FN:22,(anonymous_3)
FNF:4
FNH:4
FNDA:3,(anonymous_0)
FNDA:2,(anonymous_1)
FNDA:1,(anonymous_2)
FNDA:3,(anonymous_3)
DA:4,3
DA:7,2
DA:9,2
DA:13,2
DA:17,1
DA:23,3
DA:25,3
DA:36,3
LF:8
LH:8
BRF:0
BRH:0
end_of_record
TN:
SF:src\hocs\with-full-screen-videoplayer\with-full-screen-videoplayer.js
FN:4,(anonymous_0)
FN:6,(anonymous_1)
FN:21,(anonymous_2)
FN:29,(anonymous_3)
FN:35,(anonymous_4)
FN:39,(anonymous_5)
FN:45,(anonymous_6)
FN:51,(anonymous_7)
FN:58,(anonymous_8)
FN:69,(anonymous_9)
FN:80,(anonymous_10)
FN:86,(anonymous_11)
FN:92,(anonymous_12)
FNF:13
FNH:1
FNDA:1,(anonymous_0)
FNDA:0,(anonymous_1)
FNDA:0,(anonymous_2)
FNDA:0,(anonymous_3)
FNDA:0,(anonymous_4)
FNDA:0,(anonymous_5)
FNDA:0,(anonymous_6)
FNDA:0,(anonymous_7)
FNDA:0,(anonymous_8)
FNDA:0,(anonymous_9)
FNDA:0,(anonymous_10)
FNDA:0,(anonymous_11)
FNDA:0,(anonymous_12)
DA:4,1
DA:7,0
DA:9,0
DA:11,0
DA:17,0
DA:18,0
DA:22,0
DA:23,0
DA:25,0
DA:26,0
DA:27,0
DA:29,0
DA:30,0
DA:35,0
DA:39,0
DA:40,0
DA:45,0
DA:46,0
DA:51,0
DA:52,0
DA:59,0
DA:61,0
DA:62,0
DA:63,0
DA:64,0
DA:65,0
DA:70,0
DA:71,0
DA:73,0
DA:74,0
DA:76,0
DA:81,0
DA:87,0
DA:88,0
DA:93,0
DA:94,0
DA:96,0
DA:118,1
DA:127,1
LF:39
LH:3
BRDA:61,0,0,0
BRDA:61,0,1,0
BRDA:73,1,0,0
BRDA:73,1,1,0
BRF:4
BRH:0
end_of_record
TN:
SF:src\hocs\with-review\with-review.js
FN:8,(anonymous_0)
FN:10,(anonymous_1)
FN:24,(anonymous_2)
FN:30,(anonymous_3)
FN:37,(anonymous_4)
FN:50,(anonymous_5)
FN:71,(anonymous_6)
FNF:7
FNH:1
FNDA:5,(anonymous_0)
FNDA:0,(anonymous_1)
FNDA:0,(anonymous_2)
FNDA:0,(anonymous_3)
FNDA:0,(anonymous_4)
FNDA:0,(anonymous_5)
FNDA:0,(anonymous_6)
DA:8,3
DA:11,0
DA:13,0
DA:19,0
DA:20,0
DA:21,0
DA:25,0
DA:31,0
DA:38,0
DA:40,0
DA:45,0
DA:46,0
DA:47,0
DA:51,0
DA:53,0
DA:66,5
DA:71,5
DA:75,5
LF:18
LH:4
BRDA:33,0,0,0
BRDA:33,0,1,0
BRDA:33,1,0,0
BRDA:33,1,1,0
BRF:4
BRH:0
end_of_record
TN:
SF:src\hocs\with-video\with-video.js
FN:3,(anonymous_0)
FN:5,(anonymous_1)
FN:19,(anonymous_2)
FN:25,(anonymous_3)
FN:30,(anonymous_4)
FNF:5
FNH:4
FNDA:7,(anonymous_0)
FNDA:16,(anonymous_1)
FNDA:2,(anonymous_2)
FNDA:0,(anonymous_3)
FNDA:18,(anonymous_4)
DA:3,7
DA:6,16
DA:7,16
DA:9,16
DA:15,16
DA:16,16
DA:20,2
DA:26,0
DA:27,0
DA:31,18
DA:33,18
DA:53,7
LF:12
LH:10
BRF:0
BRH:0
end_of_record
TN:
SF:src\reducer\name-space.js
FNF:0
FNH:0
DA:1,8
LF:1
LH:1
BRF:0
BRH:0
end_of_record
TN:
SF:src\reducer\actions\app-state-action-creator.js
FN:5,(anonymous_0)
FN:10,(anonymous_1)
FN:15,(anonymous_2)
FN:19,(anonymous_3)
FN:23,(anonymous_4)
FN:27,(anonymous_5)
FNF:6
FNH:4
FNDA:1,(anonymous_0)
FNDA:1,(anonymous_1)
FNDA:0,(anonymous_2)
FNDA:0,(anonymous_3)
FNDA:1,(anonymous_4)
FNDA:1,(anonymous_5)
DA:4,7
DA:5,1
DA:10,1
DA:15,0
DA:19,0
DA:23,1
DA:27,1
LF:7
LH:5
BRF:0
BRH:0
end_of_record
TN:
SF:src\reducer\actions\app-state-action-types.js
FNF:0
FNH:0
DA:1,7
LF:1
LH:1
BRF:0
BRH:0
end_of_record
TN:
SF:src\reducer\actions\data-action-creator.js
FN:4,(anonymous_0)
FN:11,(anonymous_1)
FN:18,(anonymous_2)
FN:25,(anonymous_3)
FN:30,(anonymous_4)
FN:37,(anonymous_5)
FNF:6
FNH:5
FNDA:1,(anonymous_0)
FNDA:1,(anonymous_1)
FNDA:1,(anonymous_2)
FNDA:1,(anonymous_3)
FNDA:1,(anonymous_4)
FNDA:0,(anonymous_5)
DA:3,6
DA:5,1
DA:12,1
DA:19,1
DA:25,1
DA:31,1
DA:38,0
LF:7
LH:6
BRF:0
BRH:0
end_of_record
TN:
SF:src\reducer\actions\data-action-types.js
FNF:0
FNH:0
DA:1,6
LF:1
LH:1
BRF:0
BRH:0
end_of_record
TN:
SF:src\reducer\actions\user-action-creator.js
FN:4,(anonymous_0)
FN:11,(anonymous_1)
FN:18,(anonymous_2)
FNF:3
FNH:2
FNDA:3,(anonymous_0)
FNDA:1,(anonymous_1)
FNDA:0,(anonymous_2)
DA:3,9
DA:5,3
DA:12,1
DA:18,0
LF:4
LH:3
BRF:0
BRH:0
end_of_record
TN:
SF:src\reducer\actions\user-action-type.js
FNF:0
FNH:0
DA:1,9
LF:1
LH:1
BRF:0
BRH:0
end_of_record
TN:
SF:src\reducer\app-state\app-state.js
FN:14,(anonymous_0)
FNF:1
FNH:1
FNDA:7,(anonymous_0)
DA:5,1
DA:14,1
DA:15,7
DA:17,1
DA:21,1
DA:25,1
DA:29,1
DA:33,1
DA:37,1
DA:42,1
LF:10
LH:10
BRDA:14,0,0,1
BRDA:15,1,0,1
BRDA:15,1,1,1
BRDA:15,1,2,1
BRDA:15,1,3,1
BRDA:15,1,4,1
BRDA:15,1,5,1
BRF:7
BRH:7
end_of_record
TN:
SF:src\reducer\app-state\selectors.js
FN:5,(anonymous_0)
FN:7,(anonymous_1)
FN:9,(anonymous_2)
FN:11,(anonymous_3)
FN:13,(anonymous_4)
FN:15,(anonymous_5)
FN:17,(anonymous_6)
FNF:7
FNH:5
FNDA:2,(anonymous_0)
FNDA:3,(anonymous_1)
FNDA:1,(anonymous_2)
FNDA:2,(anonymous_3)
FNDA:3,(anonymous_4)
FNDA:0,(anonymous_5)
FNDA:0,(anonymous_6)
DA:5,5
DA:7,5
DA:9,5
DA:11,5
DA:13,5
DA:15,5
DA:17,5
DA:18,0
LF:8
LH:7
BRF:0
BRH:0
end_of_record
TN:
SF:src\reducer\data\data.js
FN:17,(anonymous_0)
FN:17,(anonymous_1)
FN:19,(anonymous_2)
FN:22,(anonymous_3)
FN:27,(anonymous_4)
FN:27,(anonymous_5)
FN:29,(anonymous_6)
FN:30,(anonymous_7)
FN:33,(anonymous_8)
FN:38,(anonymous_9)
FN:38,(anonymous_10)
FN:40,(anonymous_11)
FN:43,(anonymous_12)
FN:48,(anonymous_13)
FN:48,(anonymous_14)
FN:50,(anonymous_15)
FN:52,(anonymous_16)
FN:56,(anonymous_17)
FN:61,(anonymous_18)
FN:61,(anonymous_19)
FN:66,(anonymous_20)
FN:70,(anonymous_21)
FN:74,(anonymous_22)
FN:79,(anonymous_23)
FN:79,(anonymous_24)
FN:81,(anonymous_25)
FN:86,(anonymous_26)
FN:92,(anonymous_27)
FNF:28
FNH:19
FNDA:1,(anonymous_0)
FNDA:1,(anonymous_1)
FNDA:1,(anonymous_2)
FNDA:0,(anonymous_3)
FNDA:1,(anonymous_4)
FNDA:1,(anonymous_5)
FNDA:1,(anonymous_6)
FNDA:1,(anonymous_7)
FNDA:0,(anonymous_8)
FNDA:2,(anonymous_9)
FNDA:1,(anonymous_10)
FNDA:1,(anonymous_11)
FNDA:0,(anonymous_12)
FNDA:1,(anonymous_13)
FNDA:1,(anonymous_14)
FNDA:1,(anonymous_15)
FNDA:1,(anonymous_16)
FNDA:0,(anonymous_17)
FNDA:1,(anonymous_18)
FNDA:1,(anonymous_19)
FNDA:1,(anonymous_20)
FNDA:1,(anonymous_21)
FNDA:0,(anonymous_22)
FNDA:0,(anonymous_23)
FNDA:0,(anonymous_24)
FNDA:0,(anonymous_25)
FNDA:0,(anonymous_26)
FNDA:5,(anonymous_27)
DA:8,6
DA:16,6
DA:17,1
DA:18,1
DA:20,1
DA:23,0
DA:27,1
DA:28,1
DA:30,1
DA:31,1
DA:34,0
DA:38,2
DA:39,1
DA:41,1
DA:44,0
DA:48,1
DA:49,1
DA:51,1
DA:52,1
DA:53,1
DA:57,0
DA:61,1
DA:62,1
DA:67,1
DA:68,1
DA:71,1
DA:72,1
DA:75,0
DA:79,0
DA:80,0
DA:82,0
DA:83,0
DA:84,0
DA:87,0
DA:92,6
DA:93,5
DA:95,1
DA:100,1
DA:105,1
DA:110,1
DA:115,0
DA:120,1
LF:42
LH:30
BRDA:51,0,0,1
BRDA:51,0,1,0
BRDA:80,1,0,0
BRDA:80,1,1,0
BRDA:92,2,0,1
BRDA:93,3,0,1
BRDA:93,3,1,1
BRDA:93,3,2,1
BRDA:93,3,3,1
BRDA:93,3,4,0
BRF:10
BRH:6
end_of_record
TN:
SF:src\reducer\data\selectors.js
FN:5,(anonymous_0)
FN:7,(anonymous_1)
FN:9,(anonymous_2)
FN:11,(anonymous_3)
FN:13,(anonymous_4)
FN:17,(anonymous_5)
FN:18,(anonymous_6)
FN:25,(anonymous_7)
FN:29,(anonymous_8)
FNF:9
FNH:6
FNDA:1,(anonymous_0)
FNDA:6,(anonymous_1)
FNDA:1,(anonymous_2)
FNDA:1,(anonymous_3)
FNDA:0,(anonymous_4)
FNDA:2,(anonymous_5)
FNDA:6,(anonymous_6)
FNDA:0,(anonymous_7)
FNDA:0,(anonymous_8)
DA:5,5
DA:7,6
DA:9,5
DA:11,5
DA:13,5
DA:15,5
DA:18,6
DA:22,5
DA:26,0
DA:27,0
DA:29,0
LF:11
LH:8
BRDA:26,0,0,0
BRDA:26,0,1,0
BRF:2
BRH:0
end_of_record
TN:
SF:src\reducer\user\selectors.js
FN:3,(anonymous_0)
FN:5,(anonymous_1)
FN:7,(anonymous_2)
FNF:3
FNH:3
FNDA:12,(anonymous_0)
FNDA:5,(anonymous_1)
FNDA:1,(anonymous_2)
DA:3,12
DA:5,8
DA:7,8
LF:3
LH:3
BRF:0
BRH:0
end_of_record
TN:
SF:src\reducer\user\user.js
FN:22,(anonymous_0)
FN:22,(anonymous_1)
FN:24,(anonymous_2)
FN:28,(anonymous_3)
FN:33,(anonymous_4)
FN:33,(anonymous_5)
FN:38,(anonymous_6)
FN:43,(anonymous_7)
FN:50,(anonymous_8)
FNF:9
FNH:4
FNDA:1,(anonymous_0)
FNDA:1,(anonymous_1)
FNDA:1,(anonymous_2)
FNDA:0,(anonymous_3)
FNDA:0,(anonymous_4)
FNDA:0,(anonymous_5)
FNDA:0,(anonymous_6)
FNDA:0,(anonymous_7)
FNDA:6,(anonymous_8)
DA:6,9
DA:11,9
DA:21,9
DA:22,1
DA:23,1
DA:25,1
DA:26,1
DA:29,0
DA:33,0
DA:34,0
DA:39,0
DA:40,0
DA:41,0
DA:44,0
DA:50,9
DA:51,6
DA:53,4
DA:57,1
DA:61,0
DA:66,1
LF:20
LH:12
BRDA:50,0,0,1
BRDA:51,1,0,4
BRDA:51,1,1,1
BRDA:51,1,2,0
BRF:4
BRH:3
end_of_record
